<?xml version="1.0" encoding="UTF-8"?>
<coverage generated="1688454685346" clover="3.2.0">
  <project timestamp="1688454685346" name="All files">
    <metrics statements="70" coveredstatements="42" conditionals="144" coveredconditionals="74" methods="98" coveredmethods="51" elements="312" coveredelements="167" complexity="0" loc="70" ncloc="70" packages="1" files="1" classes="1"/>
    <file name="index.js" path="/Users/federicoghedina/htdocs/leonardo/dist/index.js">
      <metrics statements="70" coveredstatements="42" conditionals="144" coveredconditionals="74" methods="98" coveredmethods="51"/>
      <line num="12" count="40" type="cond" truecount="2" falsecount="0"/>
      <line num="13" count="40" type="cond" truecount="2" falsecount="1"/>
      <line num="14" count="126" type="cond" truecount="8" falsecount="0"/>
      <line num="15" count="4" type="cond" truecount="10" falsecount="0"/>
      <line num="16" count="160" type="cond" truecount="4" falsecount="2"/>
      <line num="17" count="131" type="cond" truecount="2" falsecount="0"/>
      <line num="18" count="17" type="cond" truecount="2" falsecount="0"/>
      <line num="19" count="91" type="cond" truecount="0" falsecount="2"/>
      <line num="20" count="8" type="stmt"/>
      <line num="22" count="189" type="cond" truecount="1" falsecount="1"/>
      <line num="23" count="90" type="stmt"/>
      <line num="24" count="90" type="cond" truecount="4" falsecount="2"/>
      <line num="25" count="4" type="cond" truecount="8" falsecount="3"/>
      <line num="26" count="3" type="cond" truecount="2" falsecount="0"/>
      <line num="27" count="2" type="cond" truecount="1" falsecount="1"/>
      <line num="28" count="4" type="stmt"/>
      <line num="29" count="1" type="cond" truecount="2" falsecount="2"/>
      <line num="30" count="0" type="cond" truecount="0" falsecount="2"/>
      <line num="31" count="0" type="stmt"/>
      <line num="32" count="0" type="cond" truecount="0" falsecount="2"/>
      <line num="33" count="0" type="stmt"/>
      <line num="34" count="0" type="stmt"/>
      <line num="35" count="0" type="stmt"/>
      <line num="36" count="0" type="stmt"/>
      <line num="37" count="0" type="stmt"/>
      <line num="38" count="0" type="stmt"/>
      <line num="39" count="2" type="stmt"/>
      <line num="40" count="2" type="cond" truecount="2" falsecount="0"/>
      <line num="42" count="21" type="stmt"/>
      <line num="43" count="1" type="stmt"/>
      <line num="44" count="1" type="stmt"/>
      <line num="45" count="2" type="cond" truecount="2" falsecount="0"/>
      <line num="46" count="6" type="stmt"/>
      <line num="47" count="6" type="stmt"/>
      <line num="48" count="1" type="cond" truecount="1" falsecount="1"/>
      <line num="49" count="1" type="stmt"/>
      <line num="50" count="1" type="cond" truecount="2" falsecount="0"/>
      <line num="52" count="8" type="stmt"/>
      <line num="53" count="8" type="stmt"/>
      <line num="54" count="1" type="cond" truecount="2" falsecount="2"/>
      <line num="56" count="2" type="cond" truecount="4" falsecount="4"/>
      <line num="57" count="2" type="cond" truecount="1" falsecount="1"/>
      <line num="58" count="5" type="cond" truecount="1" falsecount="1"/>
      <line num="59" count="15" type="stmt"/>
      <line num="60" count="15" type="stmt"/>
      <line num="61" count="15" type="cond" truecount="2" falsecount="0"/>
      <line num="62" count="0" type="cond" truecount="1" falsecount="3"/>
      <line num="63" count="0" type="cond" truecount="0" falsecount="2"/>
      <line num="64" count="8" type="cond" truecount="0" falsecount="2"/>
      <line num="65" count="0" type="stmt"/>
      <line num="67" count="0" type="cond" truecount="0" falsecount="2"/>
      <line num="68" count="0" type="stmt"/>
      <line num="69" count="17" type="stmt"/>
      <line num="70" count="8" type="stmt"/>
      <line num="71" count="0" type="cond" truecount="0" falsecount="2"/>
      <line num="72" count="0" type="cond" truecount="0" falsecount="4"/>
      <line num="73" count="0" type="stmt"/>
      <line num="74" count="0" type="stmt"/>
      <line num="75" count="0" type="cond" truecount="0" falsecount="2"/>
      <line num="76" count="0" type="cond" truecount="0" falsecount="6"/>
      <line num="77" count="0" type="cond" truecount="0" falsecount="5"/>
      <line num="78" count="0" type="stmt"/>
      <line num="79" count="0" type="cond" truecount="0" falsecount="4"/>
      <line num="80" count="0" type="stmt"/>
      <line num="81" count="0" type="cond" truecount="0" falsecount="3"/>
      <line num="82" count="0" type="cond" truecount="0" falsecount="6"/>
      <line num="83" count="0" type="cond" truecount="0" falsecount="2"/>
      <line num="84" count="0" type="stmt"/>
      <line num="85" count="40" type="cond" truecount="4" falsecount="0"/>
      <line num="86" count="8" type="cond" truecount="2" falsecount="0"/>
    </file>
  </project>
</coverage>
