{"/Users/federicoghedina/htdocs/leonardo/dist/index.js": {"path":"/Users/federicoghedina/htdocs/leonardo/dist/index.js","statementMap":{"0":{"start":{"line":12,"column":15},"end":{"line":86,"column":30}},"1":{"start":{"line":12,"column":45},"end":{"line":12,"column":63}},"2":{"start":{"line":12,"column":73},"end":{"line":12,"column":77}},"3":{"start":{"line":12,"column":78},"end":{"line":13,"column":100}},"4":{"start":{"line":13,"column":100},"end":{"line":14,"column":1}},"5":{"start":{"line":13,"column":111},"end":{"line":14,"column":1}},"6":{"start":{"line":14,"column":1},"end":{"line":14,"column":182}},"7":{"start":{"line":14,"column":52},"end":{"line":14,"column":182}},"8":{"start":{"line":14,"column":116},"end":{"line":14,"column":182}},"9":{"start":{"line":14,"column":129},"end":{"line":14,"column":172}},"10":{"start":{"line":15,"column":32},"end":{"line":15,"column":39}},"11":{"start":{"line":15,"column":45},"end":{"line":15,"column":67}},"12":{"start":{"line":15,"column":68},"end":{"line":15,"column":79}},"13":{"start":{"line":15,"column":85},"end":{"line":15,"column":94}},"14":{"start":{"line":15,"column":95},"end":{"line":15,"column":197}},"15":{"start":{"line":16,"column":8},"end":{"line":16,"column":12}},"16":{"start":{"line":16,"column":15},"end":{"line":16,"column":19}},"17":{"start":{"line":16,"column":20},"end":{"line":16,"column":91}},"18":{"start":{"line":16,"column":105},"end":{"line":16,"column":136}},"19":{"start":{"line":16,"column":151},"end":{"line":17,"column":105}},"20":{"start":{"line":16,"column":175},"end":{"line":16,"column":198}},"21":{"start":{"line":17,"column":1},"end":{"line":17,"column":104}},"22":{"start":{"line":17,"column":122},"end":{"line":17,"column":169}},"23":{"start":{"line":18,"column":0},"end":{"line":18,"column":20}},"24":{"start":{"line":18,"column":35},"end":{"line":18,"column":96}},"25":{"start":{"line":18,"column":123},"end":{"line":18,"column":141}},"26":{"start":{"line":18,"column":142},"end":{"line":18,"column":185}},"27":{"start":{"line":19,"column":28},"end":{"line":19,"column":38}},"28":{"start":{"line":19,"column":41},"end":{"line":19,"column":51}},"29":{"start":{"line":19,"column":54},"end":{"line":19,"column":70}},"30":{"start":{"line":19,"column":71},"end":{"line":19,"column":134}},"31":{"start":{"line":19,"column":151},"end":{"line":20,"column":59}},"32":{"start":{"line":20,"column":74},"end":{"line":20,"column":176}},"33":{"start":{"line":20,"column":183},"end":{"line":22,"column":37}},"34":{"start":{"line":22,"column":38},"end":{"line":69,"column":108}},"35":{"start":{"line":22,"column":82},"end":{"line":22,"column":136}},"36":{"start":{"line":22,"column":104},"end":{"line":22,"column":136}},"37":{"start":{"line":22,"column":136},"end":{"line":22,"column":177}},"38":{"start":{"line":22,"column":147},"end":{"line":22,"column":177}},"39":{"start":{"line":22,"column":177},"end":{"line":22,"column":188}},"40":{"start":{"line":23,"column":37},"end":{"line":23,"column":71}},"41":{"start":{"line":23,"column":48},"end":{"line":23,"column":71}},"42":{"start":{"line":23,"column":71},"end":{"line":23,"column":82}},"43":{"start":{"line":23,"column":120},"end":{"line":23,"column":124}},"44":{"start":{"line":23,"column":125},"end":{"line":24,"column":122}},"45":{"start":{"line":24,"column":0},"end":{"line":24,"column":115}},"46":{"start":{"line":24,"column":41},"end":{"line":24,"column":69}},"47":{"start":{"line":24,"column":161},"end":{"line":24,"column":197}},"48":{"start":{"line":25,"column":1},"end":{"line":25,"column":29}},"49":{"start":{"line":25,"column":7},"end":{"line":25,"column":29}},"50":{"start":{"line":25,"column":29},"end":{"line":25,"column":185}},"51":{"start":{"line":26,"column":21},"end":{"line":26,"column":61}},"52":{"start":{"line":26,"column":67},"end":{"line":26,"column":77}},"53":{"start":{"line":26,"column":78},"end":{"line":26,"column":94}},"54":{"start":{"line":26,"column":125},"end":{"line":26,"column":160}},"55":{"start":{"line":26,"column":163},"end":{"line":26,"column":175}},"56":{"start":{"line":26,"column":178},"end":{"line":26,"column":180}},"57":{"start":{"line":27,"column":1},"end":{"line":27,"column":79}},"58":{"start":{"line":27,"column":12},"end":{"line":27,"column":79}},"59":{"start":{"line":27,"column":79},"end":{"line":27,"column":87}},"60":{"start":{"line":27,"column":118},"end":{"line":27,"column":147}},"61":{"start":{"line":27,"column":148},"end":{"line":27,"column":183}},"62":{"start":{"line":28,"column":25},"end":{"line":28,"column":93}},"63":{"start":{"line":28,"column":128},"end":{"line":28,"column":162}},"64":{"start":{"line":29,"column":0},"end":{"line":29,"column":34}},"65":{"start":{"line":29,"column":83},"end":{"line":29,"column":110}},"66":{"start":{"line":29,"column":111},"end":{"line":30,"column":15}},"67":{"start":{"line":30,"column":59},"end":{"line":31,"column":1}},"68":{"start":{"line":31,"column":7},"end":{"line":31,"column":11}},"69":{"start":{"line":31,"column":14},"end":{"line":31,"column":22}},"70":{"start":{"line":31,"column":25},"end":{"line":31,"column":54}},"71":{"start":{"line":31,"column":57},"end":{"line":31,"column":85}},"72":{"start":{"line":31,"column":88},"end":{"line":31,"column":113}},"73":{"start":{"line":31,"column":116},"end":{"line":31,"column":122}},"74":{"start":{"line":31,"column":125},"end":{"line":31,"column":130}},"75":{"start":{"line":31,"column":133},"end":{"line":31,"column":143}},"76":{"start":{"line":31,"column":146},"end":{"line":31,"column":157}},"77":{"start":{"line":31,"column":160},"end":{"line":32,"column":38}},"78":{"start":{"line":32,"column":0},"end":{"line":32,"column":37}},"79":{"start":{"line":32,"column":41},"end":{"line":32,"column":42}},"80":{"start":{"line":32,"column":45},"end":{"line":32,"column":54}},"81":{"start":{"line":32,"column":57},"end":{"line":32,"column":66}},"82":{"start":{"line":32,"column":67},"end":{"line":38,"column":101}},"83":{"start":{"line":33,"column":49},"end":{"line":33,"column":58}},"84":{"start":{"line":33,"column":61},"end":{"line":33,"column":70}},"85":{"start":{"line":33,"column":71},"end":{"line":33,"column":91}},"86":{"start":{"line":33,"column":97},"end":{"line":33,"column":106}},"87":{"start":{"line":33,"column":109},"end":{"line":33,"column":118}},"88":{"start":{"line":33,"column":121},"end":{"line":34,"column":88}},"89":{"start":{"line":33,"column":156},"end":{"line":33,"column":170}},"90":{"start":{"line":34,"column":18},"end":{"line":34,"column":32}},"91":{"start":{"line":34,"column":89},"end":{"line":34,"column":132}},"92":{"start":{"line":34,"column":104},"end":{"line":34,"column":132}},"93":{"start":{"line":34,"column":132},"end":{"line":34,"column":145}},"94":{"start":{"line":35,"column":72},"end":{"line":35,"column":100}},"95":{"start":{"line":35,"column":103},"end":{"line":35,"column":130}},"96":{"start":{"line":35,"column":131},"end":{"line":38,"column":94}},"97":{"start":{"line":36,"column":55},"end":{"line":36,"column":114}},"98":{"start":{"line":36,"column":146},"end":{"line":37,"column":18}},"99":{"start":{"line":37,"column":97},"end":{"line":37,"column":156}},"100":{"start":{"line":38,"column":0},"end":{"line":38,"column":63}},"101":{"start":{"line":39,"column":6},"end":{"line":39,"column":23}},"102":{"start":{"line":39,"column":26},"end":{"line":39,"column":99}},"103":{"start":{"line":40,"column":1},"end":{"line":41,"column":187}},"104":{"start":{"line":42,"column":35},"end":{"line":42,"column":48}},"105":{"start":{"line":42,"column":49},"end":{"line":42,"column":75}},"106":{"start":{"line":42,"column":118},"end":{"line":42,"column":133}},"107":{"start":{"line":42,"column":134},"end":{"line":42,"column":175}},"108":{"start":{"line":43,"column":44},"end":{"line":43,"column":60}},"109":{"start":{"line":43,"column":61},"end":{"line":43,"column":108}},"110":{"start":{"line":43,"column":139},"end":{"line":43,"column":156}},"111":{"start":{"line":44,"column":6},"end":{"line":44,"column":20}},"112":{"start":{"line":44,"column":21},"end":{"line":44,"column":118}},"113":{"start":{"line":44,"column":161},"end":{"line":44,"column":174}},"114":{"start":{"line":44,"column":175},"end":{"line":45,"column":23}},"115":{"start":{"line":45,"column":62},"end":{"line":45,"column":75}},"116":{"start":{"line":45,"column":76},"end":{"line":45,"column":117}},"117":{"start":{"line":46,"column":6},"end":{"line":46,"column":22}},"118":{"start":{"line":46,"column":25},"end":{"line":46,"column":51}},"119":{"start":{"line":46,"column":54},"end":{"line":46,"column":56}},"120":{"start":{"line":46,"column":59},"end":{"line":46,"column":60}},"121":{"start":{"line":46,"column":63},"end":{"line":46,"column":71}},"122":{"start":{"line":46,"column":72},"end":{"line":46,"column":114}},"123":{"start":{"line":46,"column":90},"end":{"line":46,"column":114}},"124":{"start":{"line":46,"column":114},"end":{"line":46,"column":160}},"125":{"start":{"line":47,"column":6},"end":{"line":47,"column":23}},"126":{"start":{"line":47,"column":26},"end":{"line":47,"column":52}},"127":{"start":{"line":47,"column":55},"end":{"line":47,"column":57}},"128":{"start":{"line":47,"column":60},"end":{"line":47,"column":61}},"129":{"start":{"line":47,"column":64},"end":{"line":47,"column":72}},"130":{"start":{"line":47,"column":73},"end":{"line":47,"column":115}},"131":{"start":{"line":47,"column":91},"end":{"line":47,"column":115}},"132":{"start":{"line":47,"column":115},"end":{"line":47,"column":161}},"133":{"start":{"line":48,"column":0},"end":{"line":48,"column":7}},"134":{"start":{"line":48,"column":13},"end":{"line":48,"column":26}},"135":{"start":{"line":48,"column":27},"end":{"line":48,"column":79}},"136":{"start":{"line":48,"column":120},"end":{"line":48,"column":133}},"137":{"start":{"line":48,"column":134},"end":{"line":48,"column":189}},"138":{"start":{"line":49,"column":36},"end":{"line":49,"column":50}},"139":{"start":{"line":49,"column":51},"end":{"line":49,"column":77}},"140":{"start":{"line":49,"column":116},"end":{"line":49,"column":131}},"141":{"start":{"line":49,"column":132},"end":{"line":50,"column":48}},"142":{"start":{"line":50,"column":82},"end":{"line":50,"column":97}},"143":{"start":{"line":52,"column":186},"end":{"line":52,"column":191}},"144":{"start":{"line":53,"column":1},"end":{"line":53,"column":73}},"145":{"start":{"line":53,"column":36},"end":{"line":53,"column":48}},"146":{"start":{"line":53,"column":49},"end":{"line":53,"column":70}},"147":{"start":{"line":53,"column":121},"end":{"line":53,"column":125}},"148":{"start":{"line":53,"column":128},"end":{"line":53,"column":150}},"149":{"start":{"line":53,"column":151},"end":{"line":53,"column":167}},"150":{"start":{"line":54,"column":48},"end":{"line":54,"column":49}},"151":{"start":{"line":54,"column":50},"end":{"line":54,"column":74}},"152":{"start":{"line":54,"column":64},"end":{"line":54,"column":65}},"153":{"start":{"line":54,"column":66},"end":{"line":54,"column":73}},"154":{"start":{"line":54,"column":74},"end":{"line":55,"column":108}},"155":{"start":{"line":56,"column":8},"end":{"line":56,"column":15}},"156":{"start":{"line":56,"column":18},"end":{"line":56,"column":21}},"157":{"start":{"line":56,"column":24},"end":{"line":56,"column":47}},"158":{"start":{"line":56,"column":50},"end":{"line":56,"column":102}},"159":{"start":{"line":56,"column":103},"end":{"line":57,"column":111}},"160":{"start":{"line":56,"column":151},"end":{"line":56,"column":167}},"161":{"start":{"line":56,"column":173},"end":{"line":57,"column":21}},"162":{"start":{"line":57,"column":22},"end":{"line":57,"column":83}},"163":{"start":{"line":57,"column":160},"end":{"line":57,"column":167}},"164":{"start":{"line":57,"column":170},"end":{"line":57,"column":173}},"165":{"start":{"line":57,"column":176},"end":{"line":57,"column":199}},"166":{"start":{"line":58,"column":1},"end":{"line":59,"column":13}},"167":{"start":{"line":58,"column":54},"end":{"line":58,"column":70}},"168":{"start":{"line":58,"column":76},"end":{"line":58,"column":116}},"169":{"start":{"line":58,"column":117},"end":{"line":58,"column":178}},"170":{"start":{"line":59,"column":46},"end":{"line":60,"column":1}},"171":{"start":{"line":60,"column":7},"end":{"line":60,"column":10}},"172":{"start":{"line":60,"column":13},"end":{"line":60,"column":28}},"173":{"start":{"line":60,"column":31},"end":{"line":60,"column":286}},"174":{"start":{"line":61,"column":1},"end":{"line":61,"column":25}},"175":{"start":{"line":61,"column":25},"end":{"line":61,"column":150}},"176":{"start":{"line":61,"column":37},"end":{"line":61,"column":38}},"177":{"start":{"line":61,"column":41},"end":{"line":61,"column":49}},"178":{"start":{"line":61,"column":52},"end":{"line":61,"column":54}},"179":{"start":{"line":61,"column":68},"end":{"line":61,"column":150}},"180":{"start":{"line":61,"column":150},"end":{"line":62,"column":25}},"181":{"start":{"line":62,"column":78},"end":{"line":62,"column":86}},"182":{"start":{"line":62,"column":92},"end":{"line":62,"column":93}},"183":{"start":{"line":62,"column":96},"end":{"line":62,"column":97}},"184":{"start":{"line":62,"column":100},"end":{"line":62,"column":101}},"185":{"start":{"line":62,"column":104},"end":{"line":62,"column":166}},"186":{"start":{"line":62,"column":127},"end":{"line":62,"column":162}},"187":{"start":{"line":62,"column":167},"end":{"line":63,"column":17}},"188":{"start":{"line":63,"column":0},"end":{"line":63,"column":16}},"189":{"start":{"line":63,"column":38},"end":{"line":63,"column":46}},"190":{"start":{"line":63,"column":52},"end":{"line":63,"column":53}},"191":{"start":{"line":63,"column":56},"end":{"line":63,"column":57}},"192":{"start":{"line":63,"column":60},"end":{"line":63,"column":61}},"193":{"start":{"line":63,"column":64},"end":{"line":63,"column":150}},"194":{"start":{"line":63,"column":87},"end":{"line":63,"column":146}},"195":{"start":{"line":63,"column":151},"end":{"line":63,"column":186}},"196":{"start":{"line":63,"column":169},"end":{"line":63,"column":185}},"197":{"start":{"line":64,"column":20},"end":{"line":64,"column":36}},"198":{"start":{"line":64,"column":37},"end":{"line":64,"column":190}},"199":{"start":{"line":64,"column":191},"end":{"line":65,"column":27}},"200":{"start":{"line":65,"column":74},"end":{"line":65,"column":78}},"201":{"start":{"line":65,"column":81},"end":{"line":65,"column":94}},"202":{"start":{"line":65,"column":97},"end":{"line":65,"column":110}},"203":{"start":{"line":65,"column":113},"end":{"line":65,"column":122}},"204":{"start":{"line":65,"column":125},"end":{"line":65,"column":142}},"205":{"start":{"line":65,"column":143},"end":{"line":66,"column":86}},"206":{"start":{"line":67,"column":6},"end":{"line":67,"column":18}},"207":{"start":{"line":67,"column":21},"end":{"line":67,"column":24}},"208":{"start":{"line":67,"column":27},"end":{"line":67,"column":40}},"209":{"start":{"line":67,"column":43},"end":{"line":67,"column":56}},"210":{"start":{"line":67,"column":59},"end":{"line":67,"column":76}},"211":{"start":{"line":67,"column":77},"end":{"line":68,"column":184}},"212":{"start":{"line":68,"column":164},"end":{"line":68,"column":181}},"213":{"start":{"line":69,"column":50},"end":{"line":69,"column":63}},"214":{"start":{"line":69,"column":64},"end":{"line":69,"column":106}},"215":{"start":{"line":69,"column":114},"end":{"line":69,"column":175}},"216":{"start":{"line":69,"column":131},"end":{"line":69,"column":132}},"217":{"start":{"line":69,"column":133},"end":{"line":69,"column":172}},"218":{"start":{"line":69,"column":151},"end":{"line":69,"column":171}},"219":{"start":{"line":70,"column":1},"end":{"line":85,"column":27}},"220":{"start":{"line":71,"column":0},"end":{"line":71,"column":101}},"221":{"start":{"line":71,"column":139},"end":{"line":71,"column":143}},"222":{"start":{"line":72,"column":1},"end":{"line":72,"column":164}},"223":{"start":{"line":72,"column":74},"end":{"line":72,"column":104}},"224":{"start":{"line":73,"column":6},"end":{"line":73,"column":10}},"225":{"start":{"line":73,"column":11},"end":{"line":73,"column":64}},"226":{"start":{"line":73,"column":42},"end":{"line":73,"column":57}},"227":{"start":{"line":73,"column":103},"end":{"line":73,"column":116}},"228":{"start":{"line":73,"column":119},"end":{"line":73,"column":138}},"229":{"start":{"line":73,"column":141},"end":{"line":73,"column":142}},"230":{"start":{"line":73,"column":143},"end":{"line":74,"column":144}},"231":{"start":{"line":74,"column":103},"end":{"line":74,"column":144}},"232":{"start":{"line":74,"column":144},"end":{"line":75,"column":62}},"233":{"start":{"line":75,"column":29},"end":{"line":75,"column":62}},"234":{"start":{"line":75,"column":62},"end":{"line":75,"column":113}},"235":{"start":{"line":75,"column":148},"end":{"line":75,"column":170}},"236":{"start":{"line":75,"column":173},"end":{"line":75,"column":185}},"237":{"start":{"line":76,"column":1},"end":{"line":76,"column":78}},"238":{"start":{"line":76,"column":7},"end":{"line":76,"column":78}},"239":{"start":{"line":76,"column":78},"end":{"line":76,"column":125}},"240":{"start":{"line":76,"column":162},"end":{"line":77,"column":59}},"241":{"start":{"line":77,"column":93},"end":{"line":77,"column":169}},"242":{"start":{"line":78,"column":31},"end":{"line":78,"column":83}},"243":{"start":{"line":78,"column":116},"end":{"line":78,"column":168}},"244":{"start":{"line":79,"column":31},"end":{"line":79,"column":106}},"245":{"start":{"line":79,"column":138},"end":{"line":79,"column":179}},"246":{"start":{"line":80,"column":34},"end":{"line":80,"column":51}},"247":{"start":{"line":80,"column":90},"end":{"line":80,"column":108}},"248":{"start":{"line":80,"column":150},"end":{"line":80,"column":162}},"249":{"start":{"line":80,"column":163},"end":{"line":80,"column":190}},"250":{"start":{"line":81,"column":38},"end":{"line":81,"column":62}},"251":{"start":{"line":81,"column":63},"end":{"line":83,"column":103}},"252":{"start":{"line":81,"column":82},"end":{"line":81,"column":130}},"253":{"start":{"line":81,"column":130},"end":{"line":81,"column":136}},"254":{"start":{"line":81,"column":145},"end":{"line":82,"column":38}},"255":{"start":{"line":82,"column":38},"end":{"line":82,"column":44}},"256":{"start":{"line":82,"column":58},"end":{"line":82,"column":66}},"257":{"start":{"line":82,"column":67},"end":{"line":83,"column":102}},"258":{"start":{"line":82,"column":75},"end":{"line":82,"column":118}},"259":{"start":{"line":82,"column":102},"end":{"line":82,"column":118}},"260":{"start":{"line":82,"column":118},"end":{"line":82,"column":180}},"261":{"start":{"line":82,"column":186},"end":{"line":83,"column":102}},"262":{"start":{"line":83,"column":0},"end":{"line":83,"column":51}},"263":{"start":{"line":83,"column":31},"end":{"line":83,"column":51}},"264":{"start":{"line":83,"column":51},"end":{"line":83,"column":101}},"265":{"start":{"line":83,"column":145},"end":{"line":83,"column":169}},"266":{"start":{"line":83,"column":170},"end":{"line":84,"column":23}},"267":{"start":{"line":84,"column":54},"end":{"line":84,"column":75}},"268":{"start":{"line":84,"column":111},"end":{"line":84,"column":153}},"269":{"start":{"line":85,"column":0},"end":{"line":85,"column":25}},"270":{"start":{"line":85,"column":33},"end":{"line":85,"column":111}},"271":{"start":{"line":85,"column":49},"end":{"line":85,"column":110}},"272":{"start":{"line":85,"column":112},"end":{"line":86,"column":27}},"273":{"start":{"line":86,"column":31},"end":{"line":86,"column":83}}},"fnMap":{"0":{"name":"(anonymous_0)","decl":{"start":{"line":12,"column":15},"end":{"line":12,"column":16}},"loc":{"start":{"line":12,"column":26},"end":{"line":86,"column":28}},"line":12},"1":{"name":"e","decl":{"start":{"line":12,"column":36},"end":{"line":12,"column":37}},"loc":{"start":{"line":12,"column":44},"end":{"line":14,"column":183}},"line":12},"2":{"name":"(anonymous_2)","decl":{"start":{"line":14,"column":117},"end":{"line":14,"column":118}},"loc":{"start":{"line":14,"column":128},"end":{"line":14,"column":173}},"line":14},"3":{"name":"n","decl":{"start":{"line":15,"column":9},"end":{"line":15,"column":10}},"loc":{"start":{"line":15,"column":17},"end":{"line":16,"column":92}},"line":15},"4":{"name":"r","decl":{"start":{"line":15,"column":27},"end":{"line":15,"column":28}},"loc":{"start":{"line":15,"column":31},"end":{"line":15,"column":198}},"line":15},"5":{"name":"r","decl":{"start":{"line":16,"column":101},"end":{"line":16,"column":102}},"loc":{"start":{"line":16,"column":104},"end":{"line":16,"column":137}},"line":16},"6":{"name":"o","decl":{"start":{"line":16,"column":146},"end":{"line":16,"column":147}},"loc":{"start":{"line":16,"column":150},"end":{"line":17,"column":106}},"line":16},"7":{"name":"(anonymous_7)","decl":{"start":{"line":16,"column":158},"end":{"line":16,"column":159}},"loc":{"start":{"line":16,"column":168},"end":{"line":17,"column":105}},"line":16},"8":{"name":"i","decl":{"start":{"line":17,"column":115},"end":{"line":17,"column":116}},"loc":{"start":{"line":17,"column":121},"end":{"line":17,"column":170}},"line":17},"9":{"name":"s","decl":{"start":{"line":17,"column":179},"end":{"line":17,"column":180}},"loc":{"start":{"line":17,"column":183},"end":{"line":18,"column":21}},"line":17},"10":{"name":"a","decl":{"start":{"line":18,"column":30},"end":{"line":18,"column":31}},"loc":{"start":{"line":18,"column":34},"end":{"line":18,"column":97}},"line":18},"11":{"name":"p","decl":{"start":{"line":18,"column":106},"end":{"line":18,"column":107}},"loc":{"start":{"line":18,"column":116},"end":{"line":18,"column":186}},"line":18},"12":{"name":"u","decl":{"start":{"line":19,"column":9},"end":{"line":19,"column":10}},"loc":{"start":{"line":19,"column":21},"end":{"line":19,"column":135}},"line":19},"13":{"name":"l","decl":{"start":{"line":19,"column":144},"end":{"line":19,"column":145}},"loc":{"start":{"line":19,"column":150},"end":{"line":20,"column":60}},"line":19},"14":{"name":"c","decl":{"start":{"line":20,"column":69},"end":{"line":20,"column":70}},"loc":{"start":{"line":20,"column":73},"end":{"line":20,"column":177}},"line":20},"15":{"name":"(anonymous_15)","decl":{"start":{"line":22,"column":64},"end":{"line":22,"column":65}},"loc":{"start":{"line":22,"column":75},"end":{"line":22,"column":189}},"line":22},"16":{"name":"(anonymous_16)","decl":{"start":{"line":23,"column":19},"end":{"line":23,"column":20}},"loc":{"start":{"line":23,"column":30},"end":{"line":23,"column":83}},"line":23},"17":{"name":"(anonymous_17)","decl":{"start":{"line":23,"column":103},"end":{"line":23,"column":104}},"loc":{"start":{"line":23,"column":113},"end":{"line":24,"column":123}},"line":23},"18":{"name":"(anonymous_18)","decl":{"start":{"line":23,"column":166},"end":{"line":23,"column":167}},"loc":{"start":{"line":23,"column":177},"end":{"line":24,"column":116}},"line":23},"19":{"name":"(anonymous_19)","decl":{"start":{"line":24,"column":29},"end":{"line":24,"column":30}},"loc":{"start":{"line":24,"column":40},"end":{"line":24,"column":70}},"line":24},"20":{"name":"(anonymous_20)","decl":{"start":{"line":24,"column":143},"end":{"line":24,"column":144}},"loc":{"start":{"line":24,"column":154},"end":{"line":25,"column":186}},"line":24},"21":{"name":"(anonymous_21)","decl":{"start":{"line":26,"column":9},"end":{"line":26,"column":10}},"loc":{"start":{"line":26,"column":20},"end":{"line":26,"column":95}},"line":26},"22":{"name":"(anonymous_22)","decl":{"start":{"line":26,"column":104},"end":{"line":26,"column":105}},"loc":{"start":{"line":26,"column":114},"end":{"line":27,"column":88}},"line":26},"23":{"name":"(anonymous_23)","decl":{"start":{"line":27,"column":100},"end":{"line":27,"column":101}},"loc":{"start":{"line":27,"column":111},"end":{"line":27,"column":184}},"line":27},"24":{"name":"(anonymous_24)","decl":{"start":{"line":28,"column":13},"end":{"line":28,"column":14}},"loc":{"start":{"line":28,"column":24},"end":{"line":28,"column":94}},"line":28},"25":{"name":"(anonymous_25)","decl":{"start":{"line":28,"column":114},"end":{"line":28,"column":115}},"loc":{"start":{"line":28,"column":127},"end":{"line":28,"column":163}},"line":28},"26":{"name":"(anonymous_26)","decl":{"start":{"line":28,"column":184},"end":{"line":28,"column":185}},"loc":{"start":{"line":28,"column":197},"end":{"line":29,"column":35}},"line":28},"27":{"name":"(anonymous_27)","decl":{"start":{"line":29,"column":63},"end":{"line":29,"column":64}},"loc":{"start":{"line":29,"column":76},"end":{"line":30,"column":16}},"line":29},"28":{"name":"(anonymous_28)","decl":{"start":{"line":30,"column":47},"end":{"line":30,"column":48}},"loc":{"start":{"line":30,"column":58},"end":{"line":38,"column":102}},"line":30},"29":{"name":"(anonymous_29)","decl":{"start":{"line":31,"column":160},"end":{"line":31,"column":161}},"loc":{"start":{"line":31,"column":173},"end":{"line":32,"column":38}},"line":31},"30":{"name":"(anonymous_30)","decl":{"start":{"line":33,"column":31},"end":{"line":33,"column":32}},"loc":{"start":{"line":33,"column":42},"end":{"line":34,"column":146}},"line":33},"31":{"name":"(anonymous_31)","decl":{"start":{"line":33,"column":144},"end":{"line":33,"column":145}},"loc":{"start":{"line":33,"column":155},"end":{"line":33,"column":171}},"line":33},"32":{"name":"(anonymous_32)","decl":{"start":{"line":34,"column":6},"end":{"line":34,"column":7}},"loc":{"start":{"line":34,"column":17},"end":{"line":34,"column":33}},"line":34},"33":{"name":"(anonymous_33)","decl":{"start":{"line":35,"column":55},"end":{"line":35,"column":56}},"loc":{"start":{"line":35,"column":65},"end":{"line":38,"column":95}},"line":35},"34":{"name":"(anonymous_34)","decl":{"start":{"line":36,"column":44},"end":{"line":36,"column":45}},"loc":{"start":{"line":36,"column":54},"end":{"line":36,"column":115}},"line":36},"35":{"name":"(anonymous_35)","decl":{"start":{"line":36,"column":135},"end":{"line":36,"column":136}},"loc":{"start":{"line":36,"column":145},"end":{"line":37,"column":19}},"line":36},"36":{"name":"(anonymous_36)","decl":{"start":{"line":37,"column":86},"end":{"line":37,"column":87}},"loc":{"start":{"line":37,"column":96},"end":{"line":37,"column":157}},"line":37},"37":{"name":"(anonymous_37)","decl":{"start":{"line":37,"column":189},"end":{"line":37,"column":190}},"loc":{"start":{"line":37,"column":199},"end":{"line":38,"column":64}},"line":37},"38":{"name":"(anonymous_38)","decl":{"start":{"line":38,"column":128},"end":{"line":38,"column":129}},"loc":{"start":{"line":38,"column":138},"end":{"line":41,"column":188}},"line":38},"39":{"name":"(anonymous_39)","decl":{"start":{"line":42,"column":17},"end":{"line":42,"column":18}},"loc":{"start":{"line":42,"column":28},"end":{"line":42,"column":76}},"line":42},"40":{"name":"(anonymous_40)","decl":{"start":{"line":42,"column":96},"end":{"line":42,"column":97}},"loc":{"start":{"line":42,"column":111},"end":{"line":42,"column":176}},"line":42},"41":{"name":"(anonymous_41)","decl":{"start":{"line":43,"column":20},"end":{"line":43,"column":21}},"loc":{"start":{"line":43,"column":37},"end":{"line":43,"column":109}},"line":43},"42":{"name":"(anonymous_42)","decl":{"start":{"line":43,"column":128},"end":{"line":43,"column":129}},"loc":{"start":{"line":43,"column":138},"end":{"line":43,"column":157}},"line":43},"43":{"name":"(anonymous_43)","decl":{"start":{"line":43,"column":176},"end":{"line":43,"column":177}},"loc":{"start":{"line":43,"column":195},"end":{"line":44,"column":119}},"line":43},"44":{"name":"(anonymous_44)","decl":{"start":{"line":44,"column":137},"end":{"line":44,"column":138}},"loc":{"start":{"line":44,"column":154},"end":{"line":45,"column":24}},"line":44},"45":{"name":"(anonymous_45)","decl":{"start":{"line":45,"column":42},"end":{"line":45,"column":43}},"loc":{"start":{"line":45,"column":55},"end":{"line":45,"column":118}},"line":45},"46":{"name":"(anonymous_46)","decl":{"start":{"line":45,"column":139},"end":{"line":45,"column":140}},"loc":{"start":{"line":45,"column":149},"end":{"line":46,"column":161}},"line":45},"47":{"name":"(anonymous_47)","decl":{"start":{"line":46,"column":183},"end":{"line":46,"column":184}},"loc":{"start":{"line":46,"column":193},"end":{"line":47,"column":162}},"line":46},"48":{"name":"(anonymous_48)","decl":{"start":{"line":47,"column":180},"end":{"line":47,"column":181}},"loc":{"start":{"line":47,"column":197},"end":{"line":48,"column":80}},"line":47},"49":{"name":"(anonymous_49)","decl":{"start":{"line":48,"column":98},"end":{"line":48,"column":99}},"loc":{"start":{"line":48,"column":113},"end":{"line":48,"column":190}},"line":48},"50":{"name":"(anonymous_50)","decl":{"start":{"line":49,"column":18},"end":{"line":49,"column":19}},"loc":{"start":{"line":49,"column":29},"end":{"line":49,"column":78}},"line":49},"51":{"name":"(anonymous_51)","decl":{"start":{"line":49,"column":98},"end":{"line":49,"column":99}},"loc":{"start":{"line":49,"column":109},"end":{"line":50,"column":49}},"line":49},"52":{"name":"(anonymous_52)","decl":{"start":{"line":50,"column":70},"end":{"line":50,"column":71}},"loc":{"start":{"line":50,"column":81},"end":{"line":50,"column":98}},"line":50},"53":{"name":"(anonymous_53)","decl":{"start":{"line":52,"column":169},"end":{"line":52,"column":170}},"loc":{"start":{"line":52,"column":179},"end":{"line":53,"column":74}},"line":52},"54":{"name":"(anonymous_54)","decl":{"start":{"line":53,"column":19},"end":{"line":53,"column":20}},"loc":{"start":{"line":53,"column":29},"end":{"line":53,"column":71}},"line":53},"55":{"name":"(anonymous_55)","decl":{"start":{"line":53,"column":95},"end":{"line":53,"column":96}},"loc":{"start":{"line":53,"column":114},"end":{"line":53,"column":168}},"line":53},"56":{"name":"(anonymous_56)","decl":{"start":{"line":54,"column":22},"end":{"line":54,"column":23}},"loc":{"start":{"line":54,"column":41},"end":{"line":55,"column":109}},"line":54},"57":{"name":"(anonymous_57)","decl":{"start":{"line":55,"column":137},"end":{"line":55,"column":138}},"loc":{"start":{"line":55,"column":156},"end":{"line":57,"column":112}},"line":55},"58":{"name":"(anonymous_58)","decl":{"start":{"line":56,"column":139},"end":{"line":56,"column":140}},"loc":{"start":{"line":56,"column":150},"end":{"line":57,"column":84}},"line":56},"59":{"name":"(anonymous_59)","decl":{"start":{"line":57,"column":140},"end":{"line":57,"column":141}},"loc":{"start":{"line":57,"column":151},"end":{"line":59,"column":14}},"line":57},"60":{"name":"(anonymous_60)","decl":{"start":{"line":58,"column":42},"end":{"line":58,"column":43}},"loc":{"start":{"line":58,"column":53},"end":{"line":58,"column":179}},"line":58},"61":{"name":"(anonymous_61)","decl":{"start":{"line":59,"column":34},"end":{"line":59,"column":35}},"loc":{"start":{"line":59,"column":45},"end":{"line":62,"column":26}},"line":59},"62":{"name":"(anonymous_62)","decl":{"start":{"line":62,"column":47},"end":{"line":62,"column":48}},"loc":{"start":{"line":62,"column":57},"end":{"line":65,"column":28}},"line":62},"63":{"name":"t","decl":{"start":{"line":62,"column":67},"end":{"line":62,"column":68}},"loc":{"start":{"line":62,"column":77},"end":{"line":63,"column":18}},"line":62},"64":{"name":"(anonymous_64)","decl":{"start":{"line":62,"column":116},"end":{"line":62,"column":117}},"loc":{"start":{"line":62,"column":126},"end":{"line":62,"column":163}},"line":62},"65":{"name":"(anonymous_65)","decl":{"start":{"line":62,"column":174},"end":{"line":62,"column":175}},"loc":{"start":{"line":62,"column":184},"end":{"line":63,"column":17}},"line":62},"66":{"name":"e","decl":{"start":{"line":63,"column":27},"end":{"line":63,"column":28}},"loc":{"start":{"line":63,"column":37},"end":{"line":63,"column":187}},"line":63},"67":{"name":"(anonymous_67)","decl":{"start":{"line":63,"column":76},"end":{"line":63,"column":77}},"loc":{"start":{"line":63,"column":86},"end":{"line":63,"column":147}},"line":63},"68":{"name":"(anonymous_68)","decl":{"start":{"line":63,"column":158},"end":{"line":63,"column":159}},"loc":{"start":{"line":63,"column":168},"end":{"line":63,"column":186}},"line":63},"69":{"name":"n","decl":{"start":{"line":64,"column":9},"end":{"line":64,"column":10}},"loc":{"start":{"line":64,"column":13},"end":{"line":64,"column":191}},"line":64},"70":{"name":"(anonymous_70)","decl":{"start":{"line":65,"column":52},"end":{"line":65,"column":53}},"loc":{"start":{"line":65,"column":67},"end":{"line":66,"column":87}},"line":65},"71":{"name":"(anonymous_71)","decl":{"start":{"line":66,"column":113},"end":{"line":66,"column":114}},"loc":{"start":{"line":66,"column":130},"end":{"line":68,"column":185}},"line":66},"72":{"name":"(anonymous_72)","decl":{"start":{"line":68,"column":152},"end":{"line":68,"column":153}},"loc":{"start":{"line":68,"column":163},"end":{"line":68,"column":182}},"line":68},"73":{"name":"(anonymous_73)","decl":{"start":{"line":69,"column":24},"end":{"line":69,"column":25}},"loc":{"start":{"line":69,"column":43},"end":{"line":69,"column":107}},"line":69},"74":{"name":"(anonymous_74)","decl":{"start":{"line":69,"column":114},"end":{"line":69,"column":115}},"loc":{"start":{"line":69,"column":124},"end":{"line":69,"column":173}},"line":69},"75":{"name":"(anonymous_75)","decl":{"start":{"line":69,"column":140},"end":{"line":69,"column":141}},"loc":{"start":{"line":69,"column":150},"end":{"line":69,"column":172}},"line":69},"76":{"name":"(anonymous_76)","decl":{"start":{"line":70,"column":144},"end":{"line":70,"column":145}},"loc":{"start":{"line":70,"column":157},"end":{"line":71,"column":102}},"line":70},"77":{"name":"(anonymous_77)","decl":{"start":{"line":71,"column":119},"end":{"line":71,"column":120}},"loc":{"start":{"line":71,"column":132},"end":{"line":72,"column":165}},"line":71},"78":{"name":"(anonymous_78)","decl":{"start":{"line":72,"column":62},"end":{"line":72,"column":63}},"loc":{"start":{"line":72,"column":73},"end":{"line":72,"column":105}},"line":72},"79":{"name":"(anonymous_79)","decl":{"start":{"line":72,"column":183},"end":{"line":72,"column":184}},"loc":{"start":{"line":72,"column":196},"end":{"line":73,"column":65}},"line":72},"80":{"name":"r","decl":{"start":{"line":73,"column":37},"end":{"line":73,"column":38}},"loc":{"start":{"line":73,"column":41},"end":{"line":73,"column":58}},"line":73},"81":{"name":"(anonymous_81)","decl":{"start":{"line":73,"column":84},"end":{"line":73,"column":85}},"loc":{"start":{"line":73,"column":94},"end":{"line":75,"column":114}},"line":73},"82":{"name":"(anonymous_82)","decl":{"start":{"line":75,"column":131},"end":{"line":75,"column":132}},"loc":{"start":{"line":75,"column":141},"end":{"line":76,"column":126}},"line":75},"83":{"name":"(anonymous_83)","decl":{"start":{"line":76,"column":146},"end":{"line":76,"column":147}},"loc":{"start":{"line":76,"column":161},"end":{"line":77,"column":60}},"line":76},"84":{"name":"(anonymous_84)","decl":{"start":{"line":77,"column":79},"end":{"line":77,"column":80}},"loc":{"start":{"line":77,"column":92},"end":{"line":77,"column":170}},"line":77},"85":{"name":"(anonymous_85)","decl":{"start":{"line":78,"column":20},"end":{"line":78,"column":21}},"loc":{"start":{"line":78,"column":30},"end":{"line":78,"column":84}},"line":78},"86":{"name":"(anonymous_86)","decl":{"start":{"line":78,"column":105},"end":{"line":78,"column":106}},"loc":{"start":{"line":78,"column":115},"end":{"line":78,"column":169}},"line":78},"87":{"name":"(anonymous_87)","decl":{"start":{"line":79,"column":17},"end":{"line":79,"column":18}},"loc":{"start":{"line":79,"column":30},"end":{"line":79,"column":107}},"line":79},"88":{"name":"(anonymous_88)","decl":{"start":{"line":79,"column":127},"end":{"line":79,"column":128}},"loc":{"start":{"line":79,"column":137},"end":{"line":79,"column":180}},"line":79},"89":{"name":"(anonymous_89)","decl":{"start":{"line":80,"column":23},"end":{"line":80,"column":24}},"loc":{"start":{"line":80,"column":33},"end":{"line":80,"column":52}},"line":80},"90":{"name":"(anonymous_90)","decl":{"start":{"line":80,"column":79},"end":{"line":80,"column":80}},"loc":{"start":{"line":80,"column":89},"end":{"line":80,"column":109}},"line":80},"91":{"name":"(anonymous_91)","decl":{"start":{"line":80,"column":130},"end":{"line":80,"column":131}},"loc":{"start":{"line":80,"column":143},"end":{"line":80,"column":191}},"line":80},"92":{"name":"(anonymous_92)","decl":{"start":{"line":81,"column":20},"end":{"line":81,"column":21}},"loc":{"start":{"line":81,"column":31},"end":{"line":83,"column":104}},"line":81},"93":{"name":"(anonymous_93)","decl":{"start":{"line":83,"column":128},"end":{"line":83,"column":129}},"loc":{"start":{"line":83,"column":138},"end":{"line":84,"column":24}},"line":83},"94":{"name":"(anonymous_94)","decl":{"start":{"line":84,"column":43},"end":{"line":84,"column":44}},"loc":{"start":{"line":84,"column":53},"end":{"line":84,"column":76}},"line":84},"95":{"name":"(anonymous_95)","decl":{"start":{"line":84,"column":97},"end":{"line":84,"column":98}},"loc":{"start":{"line":84,"column":110},"end":{"line":84,"column":154}},"line":84},"96":{"name":"(anonymous_96)","decl":{"start":{"line":84,"column":175},"end":{"line":84,"column":176}},"loc":{"start":{"line":84,"column":185},"end":{"line":85,"column":26}},"line":84},"97":{"name":"(anonymous_97)","decl":{"start":{"line":85,"column":33},"end":{"line":85,"column":34}},"loc":{"start":{"line":85,"column":48},"end":{"line":85,"column":111}},"line":85}},"branchMap":{"0":{"loc":{"start":{"line":12,"column":80},"end":{"line":12,"column":85}},"type":"binary-expr","locations":[{"start":{"line":12,"column":80},"end":{"line":12,"column":81}},{"start":{"line":12,"column":83},"end":{"line":12,"column":85}}],"line":12},"1":{"loc":{"start":{"line":13,"column":111},"end":{"line":13,"column":164}},"type":"binary-expr","locations":[{"start":{"line":13,"column":111},"end":{"line":13,"column":119}},{"start":{"line":13,"column":121},"end":{"line":13,"column":133}},{"start":{"line":13,"column":135},"end":{"line":13,"column":164}}],"line":13},"2":{"loc":{"start":{"line":14,"column":1},"end":{"line":14,"column":182}},"type":"if","locations":[{"start":{"line":14,"column":1},"end":{"line":14,"column":182}},{"start":{},"end":{}}],"line":14},"3":{"loc":{"start":{"line":14,"column":16},"end":{"line":14,"column":42}},"type":"cond-expr","locations":[{"start":{"line":14,"column":29},"end":{"line":14,"column":37}},{"start":{"line":14,"column":38},"end":{"line":14,"column":42}}],"line":14},"4":{"loc":{"start":{"line":14,"column":56},"end":{"line":14,"column":89}},"type":"binary-expr","locations":[{"start":{"line":14,"column":56},"end":{"line":14,"column":66}},{"start":{"line":14,"column":69},"end":{"line":14,"column":88}}],"line":14},"5":{"loc":{"start":{"line":14,"column":129},"end":{"line":14,"column":172}},"type":"binary-expr","locations":[{"start":{"line":14,"column":129},"end":{"line":14,"column":135}},{"start":{"line":14,"column":137},"end":{"line":14,"column":172}}],"line":14},"6":{"loc":{"start":{"line":15,"column":34},"end":{"line":15,"column":38}},"type":"binary-expr","locations":[{"start":{"line":15,"column":34},"end":{"line":15,"column":35}},{"start":{"line":15,"column":37},"end":{"line":15,"column":38}}],"line":15},"7":{"loc":{"start":{"line":15,"column":68},"end":{"line":15,"column":78}},"type":"binary-expr","locations":[{"start":{"line":15,"column":68},"end":{"line":15,"column":69}},{"start":{"line":15,"column":72},"end":{"line":15,"column":77}}],"line":15},"8":{"loc":{"start":{"line":15,"column":85},"end":{"line":15,"column":94}},"type":"cond-expr","locations":[{"start":{"line":15,"column":87},"end":{"line":15,"column":90}},{"start":{"line":15,"column":91},"end":{"line":15,"column":94}}],"line":15},"9":{"loc":{"start":{"line":15,"column":117},"end":{"line":15,"column":197}},"type":"cond-expr","locations":[{"start":{"line":15,"column":119},"end":{"line":15,"column":145}},{"start":{"line":15,"column":147},"end":{"line":15,"column":196}}],"line":15},"10":{"loc":{"start":{"line":15,"column":167},"end":{"line":15,"column":172}},"type":"cond-expr","locations":[{"start":{"line":15,"column":169},"end":{"line":15,"column":170}},{"start":{"line":15,"column":171},"end":{"line":15,"column":172}}],"line":15},"11":{"loc":{"start":{"line":16,"column":29},"end":{"line":16,"column":33}},"type":"binary-expr","locations":[{"start":{"line":16,"column":29},"end":{"line":16,"column":30}},{"start":{"line":16,"column":32},"end":{"line":16,"column":33}}],"line":16},"12":{"loc":{"start":{"line":16,"column":54},"end":{"line":16,"column":59}},"type":"cond-expr","locations":[{"start":{"line":16,"column":56},"end":{"line":16,"column":57}},{"start":{"line":16,"column":58},"end":{"line":16,"column":59}}],"line":16},"13":{"loc":{"start":{"line":16,"column":175},"end":{"line":16,"column":198}},"type":"cond-expr","locations":[{"start":{"line":16,"column":193},"end":{"line":16,"column":196}},{"start":{"line":16,"column":197},"end":{"line":16,"column":198}}],"line":16},"14":{"loc":{"start":{"line":17,"column":131},"end":{"line":17,"column":139}},"type":"binary-expr","locations":[{"start":{"line":17,"column":131},"end":{"line":17,"column":132}},{"start":{"line":17,"column":134},"end":{"line":17,"column":139}}],"line":17},"15":{"loc":{"start":{"line":18,"column":42},"end":{"line":18,"column":89}},"type":"binary-expr","locations":[{"start":{"line":18,"column":42},"end":{"line":18,"column":48}},{"start":{"line":18,"column":51},"end":{"line":18,"column":88}}],"line":18},"16":{"loc":{"start":{"line":19,"column":54},"end":{"line":19,"column":70}},"type":"cond-expr","locations":[{"start":{"line":19,"column":63},"end":{"line":19,"column":66}},{"start":{"line":19,"column":67},"end":{"line":19,"column":70}}],"line":19},"17":{"loc":{"start":{"line":22,"column":82},"end":{"line":22,"column":136}},"type":"if","locations":[{"start":{"line":22,"column":82},"end":{"line":22,"column":136}},{"start":{},"end":{}}],"line":22},"18":{"loc":{"start":{"line":24,"column":0},"end":{"line":24,"column":115}},"type":"cond-expr","locations":[{"start":{"line":24,"column":19},"end":{"line":24,"column":71}},{"start":{"line":24,"column":73},"end":{"line":24,"column":114}}],"line":24},"19":{"loc":{"start":{"line":24,"column":161},"end":{"line":24,"column":197}},"type":"cond-expr","locations":[{"start":{"line":24,"column":177},"end":{"line":24,"column":185}},{"start":{"line":24,"column":186},"end":{"line":24,"column":197}}],"line":24},"20":{"loc":{"start":{"line":24,"column":161},"end":{"line":24,"column":176}},"type":"binary-expr","locations":[{"start":{"line":24,"column":161},"end":{"line":24,"column":162}},{"start":{"line":24,"column":164},"end":{"line":24,"column":176}}],"line":24},"21":{"loc":{"start":{"line":25,"column":1},"end":{"line":25,"column":29}},"type":"if","locations":[{"start":{"line":25,"column":1},"end":{"line":25,"column":29}},{"start":{},"end":{}}],"line":25},"22":{"loc":{"start":{"line":25,"column":51},"end":{"line":25,"column":88}},"type":"binary-expr","locations":[{"start":{"line":25,"column":51},"end":{"line":25,"column":52}},{"start":{"line":25,"column":54},"end":{"line":25,"column":60}},{"start":{"line":25,"column":63},"end":{"line":25,"column":87}}],"line":25},"23":{"loc":{"start":{"line":25,"column":113},"end":{"line":25,"column":180}},"type":"binary-expr","locations":[{"start":{"line":25,"column":113},"end":{"line":25,"column":114}},{"start":{"line":25,"column":117},"end":{"line":25,"column":179}}],"line":25},"24":{"loc":{"start":{"line":25,"column":117},"end":{"line":25,"column":138}},"type":"binary-expr","locations":[{"start":{"line":25,"column":117},"end":{"line":25,"column":121}},{"start":{"line":25,"column":123},"end":{"line":25,"column":138}}],"line":25},"25":{"loc":{"start":{"line":25,"column":139},"end":{"line":25,"column":179}},"type":"binary-expr","locations":[{"start":{"line":25,"column":139},"end":{"line":25,"column":145}},{"start":{"line":25,"column":147},"end":{"line":25,"column":179}}],"line":25},"26":{"loc":{"start":{"line":26,"column":21},"end":{"line":26,"column":60}},"type":"binary-expr","locations":[{"start":{"line":26,"column":21},"end":{"line":26,"column":39}},{"start":{"line":26,"column":42},"end":{"line":26,"column":59}}],"line":26},"27":{"loc":{"start":{"line":27,"column":38},"end":{"line":27,"column":78}},"type":"cond-expr","locations":[{"start":{"line":27,"column":49},"end":{"line":27,"column":73}},{"start":{"line":27,"column":74},"end":{"line":27,"column":78}}],"line":27},"28":{"loc":{"start":{"line":29,"column":120},"end":{"line":29,"column":133}},"type":"binary-expr","locations":[{"start":{"line":29,"column":120},"end":{"line":29,"column":121}},{"start":{"line":29,"column":123},"end":{"line":29,"column":133}}],"line":29},"29":{"loc":{"start":{"line":29,"column":136},"end":{"line":29,"column":149}},"type":"binary-expr","locations":[{"start":{"line":29,"column":136},"end":{"line":29,"column":137}},{"start":{"line":29,"column":139},"end":{"line":29,"column":149}}],"line":29},"30":{"loc":{"start":{"line":30,"column":61},"end":{"line":30,"column":123}},"type":"binary-expr","locations":[{"start":{"line":30,"column":61},"end":{"line":30,"column":62}},{"start":{"line":30,"column":64},"end":{"line":30,"column":123}}],"line":30},"31":{"loc":{"start":{"line":32,"column":28},"end":{"line":32,"column":32}},"type":"binary-expr","locations":[{"start":{"line":32,"column":28},"end":{"line":32,"column":29}},{"start":{"line":32,"column":31},"end":{"line":32,"column":32}}],"line":32},"32":{"loc":{"start":{"line":40,"column":8},"end":{"line":40,"column":133}},"type":"binary-expr","locations":[{"start":{"line":40,"column":8},"end":{"line":40,"column":70}},{"start":{"line":40,"column":73},"end":{"line":40,"column":132}}],"line":40},"33":{"loc":{"start":{"line":41,"column":0},"end":{"line":41,"column":129}},"type":"binary-expr","locations":[{"start":{"line":41,"column":0},"end":{"line":41,"column":58}},{"start":{"line":41,"column":61},"end":{"line":41,"column":128}}],"line":41},"34":{"loc":{"start":{"line":45,"column":85},"end":{"line":45,"column":90}},"type":"binary-expr","locations":[{"start":{"line":45,"column":85},"end":{"line":45,"column":86}},{"start":{"line":45,"column":88},"end":{"line":45,"column":90}}],"line":45},"35":{"loc":{"start":{"line":48,"column":2},"end":{"line":48,"column":6}},"type":"binary-expr","locations":[{"start":{"line":48,"column":2},"end":{"line":48,"column":3}},{"start":{"line":48,"column":5},"end":{"line":48,"column":6}}],"line":48},"36":{"loc":{"start":{"line":50,"column":0},"end":{"line":50,"column":46}},"type":"binary-expr","locations":[{"start":{"line":50,"column":0},"end":{"line":50,"column":1}},{"start":{"line":50,"column":4},"end":{"line":50,"column":45}}],"line":50},"37":{"loc":{"start":{"line":54,"column":50},"end":{"line":54,"column":74}},"type":"if","locations":[{"start":{"line":54,"column":50},"end":{"line":54,"column":74}},{"start":{},"end":{}}],"line":54},"38":{"loc":{"start":{"line":54,"column":83},"end":{"line":54,"column":95}},"type":"cond-expr","locations":[{"start":{"line":54,"column":92},"end":{"line":54,"column":93}},{"start":{"line":54,"column":94},"end":{"line":54,"column":95}}],"line":54},"39":{"loc":{"start":{"line":56,"column":59},"end":{"line":56,"column":66}},"type":"binary-expr","locations":[{"start":{"line":56,"column":59},"end":{"line":56,"column":60}},{"start":{"line":56,"column":62},"end":{"line":56,"column":66}}],"line":56},"40":{"loc":{"start":{"line":56,"column":70},"end":{"line":56,"column":77}},"type":"binary-expr","locations":[{"start":{"line":56,"column":70},"end":{"line":56,"column":71}},{"start":{"line":56,"column":73},"end":{"line":56,"column":77}}],"line":56},"41":{"loc":{"start":{"line":56,"column":81},"end":{"line":56,"column":90}},"type":"binary-expr","locations":[{"start":{"line":56,"column":81},"end":{"line":56,"column":82}},{"start":{"line":56,"column":84},"end":{"line":56,"column":90}}],"line":56},"42":{"loc":{"start":{"line":56,"column":94},"end":{"line":56,"column":101}},"type":"binary-expr","locations":[{"start":{"line":56,"column":94},"end":{"line":56,"column":95}},{"start":{"line":56,"column":97},"end":{"line":56,"column":101}}],"line":56},"43":{"loc":{"start":{"line":57,"column":22},"end":{"line":57,"column":52}},"type":"binary-expr","locations":[{"start":{"line":57,"column":22},"end":{"line":57,"column":33}},{"start":{"line":57,"column":36},"end":{"line":57,"column":51}}],"line":57},"44":{"loc":{"start":{"line":58,"column":117},"end":{"line":58,"column":147}},"type":"binary-expr","locations":[{"start":{"line":58,"column":117},"end":{"line":58,"column":128}},{"start":{"line":58,"column":131},"end":{"line":58,"column":146}}],"line":58},"45":{"loc":{"start":{"line":61,"column":75},"end":{"line":61,"column":137}},"type":"binary-expr","locations":[{"start":{"line":61,"column":75},"end":{"line":61,"column":93}},{"start":{"line":61,"column":96},"end":{"line":61,"column":136}}],"line":61},"46":{"loc":{"start":{"line":62,"column":0},"end":{"line":62,"column":25}},"type":"cond-expr","locations":[{"start":{"line":62,"column":9},"end":{"line":62,"column":22}},{"start":{"line":62,"column":23},"end":{"line":62,"column":25}}],"line":62},"47":{"loc":{"start":{"line":62,"column":80},"end":{"line":62,"column":85}},"type":"binary-expr","locations":[{"start":{"line":62,"column":80},"end":{"line":62,"column":81}},{"start":{"line":62,"column":83},"end":{"line":62,"column":85}}],"line":62},"48":{"loc":{"start":{"line":63,"column":40},"end":{"line":63,"column":45}},"type":"binary-expr","locations":[{"start":{"line":63,"column":40},"end":{"line":63,"column":41}},{"start":{"line":63,"column":43},"end":{"line":63,"column":45}}],"line":63},"49":{"loc":{"start":{"line":64,"column":147},"end":{"line":64,"column":160}},"type":"binary-expr","locations":[{"start":{"line":64,"column":147},"end":{"line":64,"column":154}},{"start":{"line":64,"column":156},"end":{"line":64,"column":160}}],"line":64},"50":{"loc":{"start":{"line":67,"column":169},"end":{"line":67,"column":174}},"type":"binary-expr","locations":[{"start":{"line":67,"column":169},"end":{"line":67,"column":170}},{"start":{"line":67,"column":172},"end":{"line":67,"column":174}}],"line":67},"51":{"loc":{"start":{"line":71,"column":7},"end":{"line":71,"column":65}},"type":"cond-expr","locations":[{"start":{"line":71,"column":24},"end":{"line":71,"column":46}},{"start":{"line":71,"column":47},"end":{"line":71,"column":65}}],"line":71},"52":{"loc":{"start":{"line":72,"column":8},"end":{"line":72,"column":159}},"type":"binary-expr","locations":[{"start":{"line":72,"column":8},"end":{"line":72,"column":24}},{"start":{"line":72,"column":27},"end":{"line":72,"column":158}}],"line":72},"53":{"loc":{"start":{"line":72,"column":27},"end":{"line":72,"column":158}},"type":"cond-expr","locations":[{"start":{"line":72,"column":39},"end":{"line":72,"column":126}},{"start":{"line":72,"column":128},"end":{"line":72,"column":158}}],"line":72},"54":{"loc":{"start":{"line":75,"column":69},"end":{"line":75,"column":111}},"type":"binary-expr","locations":[{"start":{"line":75,"column":69},"end":{"line":75,"column":73}},{"start":{"line":75,"column":76},"end":{"line":75,"column":110}}],"line":75},"55":{"loc":{"start":{"line":76,"column":1},"end":{"line":76,"column":78}},"type":"if","locations":[{"start":{"line":76,"column":1},"end":{"line":76,"column":78}},{"start":{},"end":{}}],"line":76},"56":{"loc":{"start":{"line":76,"column":171},"end":{"line":76,"column":175}},"type":"binary-expr","locations":[{"start":{"line":76,"column":171},"end":{"line":76,"column":172}},{"start":{"line":76,"column":174},"end":{"line":76,"column":175}}],"line":76},"57":{"loc":{"start":{"line":76,"column":178},"end":{"line":76,"column":182}},"type":"binary-expr","locations":[{"start":{"line":76,"column":178},"end":{"line":76,"column":179}},{"start":{"line":76,"column":181},"end":{"line":76,"column":182}}],"line":76},"58":{"loc":{"start":{"line":77,"column":102},"end":{"line":77,"column":106}},"type":"binary-expr","locations":[{"start":{"line":77,"column":102},"end":{"line":77,"column":103}},{"start":{"line":77,"column":105},"end":{"line":77,"column":106}}],"line":77},"59":{"loc":{"start":{"line":77,"column":109},"end":{"line":77,"column":116}},"type":"binary-expr","locations":[{"start":{"line":77,"column":109},"end":{"line":77,"column":110}},{"start":{"line":77,"column":112},"end":{"line":77,"column":113}},{"start":{"line":77,"column":115},"end":{"line":77,"column":116}}],"line":77},"60":{"loc":{"start":{"line":79,"column":40},"end":{"line":79,"column":44}},"type":"binary-expr","locations":[{"start":{"line":79,"column":40},"end":{"line":79,"column":41}},{"start":{"line":79,"column":43},"end":{"line":79,"column":44}}],"line":79},"61":{"loc":{"start":{"line":79,"column":47},"end":{"line":79,"column":51}},"type":"binary-expr","locations":[{"start":{"line":79,"column":47},"end":{"line":79,"column":48}},{"start":{"line":79,"column":50},"end":{"line":79,"column":51}}],"line":79},"62":{"loc":{"start":{"line":81,"column":63},"end":{"line":83,"column":103}},"type":"switch","locations":[{"start":{"line":81,"column":73},"end":{"line":81,"column":136}},{"start":{"line":81,"column":136},"end":{"line":82,"column":44}},{"start":{"line":82,"column":44},"end":{"line":83,"column":102}}],"line":81},"63":{"loc":{"start":{"line":82,"column":67},"end":{"line":83,"column":102}},"type":"if","locations":[{"start":{"line":82,"column":67},"end":{"line":83,"column":102}},{"start":{"line":82,"column":186},"end":{"line":83,"column":102}}],"line":82},"64":{"loc":{"start":{"line":82,"column":80},"end":{"line":82,"column":100}},"type":"binary-expr","locations":[{"start":{"line":82,"column":80},"end":{"line":82,"column":85}},{"start":{"line":82,"column":87},"end":{"line":82,"column":100}}],"line":82},"65":{"loc":{"start":{"line":82,"column":186},"end":{"line":83,"column":102}},"type":"if","locations":[{"start":{"line":82,"column":186},"end":{"line":83,"column":102}},{"start":{},"end":{}}],"line":82},"66":{"loc":{"start":{"line":83,"column":5},"end":{"line":83,"column":29}},"type":"binary-expr","locations":[{"start":{"line":83,"column":5},"end":{"line":83,"column":10}},{"start":{"line":83,"column":12},"end":{"line":83,"column":29}}],"line":83},"67":{"loc":{"start":{"line":85,"column":56},"end":{"line":85,"column":110}},"type":"cond-expr","locations":[{"start":{"line":85,"column":61},"end":{"line":85,"column":73}},{"start":{"line":85,"column":74},"end":{"line":85,"column":110}}],"line":85},"68":{"loc":{"start":{"line":85,"column":56},"end":{"line":85,"column":60}},"type":"binary-expr","locations":[{"start":{"line":85,"column":56},"end":{"line":85,"column":57}},{"start":{"line":85,"column":59},"end":{"line":85,"column":60}}],"line":85},"69":{"loc":{"start":{"line":86,"column":31},"end":{"line":86,"column":82}},"type":"binary-expr","locations":[{"start":{"line":86,"column":31},"end":{"line":86,"column":55}},{"start":{"line":86,"column":58},"end":{"line":86,"column":81}}],"line":86}},"s":{"0":8,"1":40,"2":40,"3":40,"4":40,"5":25,"6":40,"7":21,"8":126,"9":126,"10":4,"11":4,"12":4,"13":4,"14":4,"15":2,"16":2,"17":2,"18":8,"19":160,"20":23,"21":23,"22":131,"23":2,"24":17,"25":0,"26":0,"27":0,"28":0,"29":0,"30":0,"31":91,"32":0,"33":8,"34":8,"35":85,"36":0,"37":85,"38":189,"39":85,"40":0,"41":0,"42":0,"43":90,"44":90,"45":90,"46":0,"47":4,"48":4,"49":0,"50":4,"51":3,"52":3,"53":3,"54":1,"55":1,"56":1,"57":1,"58":2,"59":1,"60":1,"61":1,"62":4,"63":1,"64":1,"65":1,"66":1,"67":0,"68":0,"69":0,"70":0,"71":0,"72":0,"73":0,"74":0,"75":0,"76":0,"77":0,"78":0,"79":0,"80":0,"81":0,"82":0,"83":0,"84":0,"85":0,"86":0,"87":0,"88":0,"89":0,"90":0,"91":0,"92":0,"93":0,"94":0,"95":0,"96":0,"97":0,"98":0,"99":0,"100":0,"101":2,"102":2,"103":2,"104":1,"105":1,"106":21,"107":21,"108":1,"109":1,"110":1,"111":1,"112":1,"113":1,"114":1,"115":2,"116":2,"117":1,"118":1,"119":1,"120":1,"121":1,"122":1,"123":6,"124":1,"125":1,"126":1,"127":1,"128":1,"129":1,"130":1,"131":6,"132":1,"133":1,"134":1,"135":1,"136":1,"137":1,"138":1,"139":1,"140":1,"141":1,"142":1,"143":8,"144":8,"145":1,"146":1,"147":1,"148":1,"149":1,"150":1,"151":1,"152":0,"153":0,"154":1,"155":1,"156":1,"157":1,"158":1,"159":1,"160":2,"161":2,"162":2,"163":1,"164":1,"165":1,"166":1,"167":5,"168":5,"169":5,"170":15,"171":15,"172":15,"173":15,"174":15,"175":15,"176":15,"177":15,"178":15,"179":15,"180":15,"181":0,"182":0,"183":0,"184":0,"185":0,"186":0,"187":0,"188":0,"189":0,"190":0,"191":0,"192":0,"193":0,"194":0,"195":0,"196":0,"197":0,"198":0,"199":8,"200":0,"201":0,"202":0,"203":0,"204":0,"205":0,"206":0,"207":0,"208":0,"209":0,"210":0,"211":0,"212":0,"213":0,"214":0,"215":8,"216":8,"217":8,"218":17,"219":8,"220":0,"221":0,"222":0,"223":0,"224":0,"225":0,"226":0,"227":0,"228":0,"229":0,"230":0,"231":0,"232":0,"233":0,"234":0,"235":0,"236":0,"237":0,"238":0,"239":0,"240":0,"241":0,"242":0,"243":0,"244":0,"245":0,"246":0,"247":0,"248":0,"249":0,"250":0,"251":0,"252":0,"253":0,"254":0,"255":0,"256":0,"257":0,"258":0,"259":0,"260":0,"261":0,"262":0,"263":0,"264":0,"265":0,"266":0,"267":0,"268":0,"269":0,"270":8,"271":40,"272":8,"273":8},"f":{"0":8,"1":40,"2":126,"3":2,"4":4,"5":8,"6":160,"7":23,"8":131,"9":2,"10":17,"11":0,"12":0,"13":91,"14":0,"15":85,"16":0,"17":90,"18":90,"19":0,"20":4,"21":3,"22":1,"23":1,"24":4,"25":1,"26":1,"27":1,"28":0,"29":0,"30":0,"31":0,"32":0,"33":0,"34":0,"35":0,"36":0,"37":0,"38":2,"39":1,"40":21,"41":1,"42":1,"43":1,"44":1,"45":2,"46":1,"47":1,"48":1,"49":1,"50":1,"51":1,"52":1,"53":8,"54":1,"55":1,"56":1,"57":1,"58":2,"59":1,"60":5,"61":15,"62":8,"63":0,"64":0,"65":0,"66":0,"67":0,"68":0,"69":0,"70":0,"71":0,"72":0,"73":0,"74":8,"75":17,"76":0,"77":0,"78":0,"79":0,"80":0,"81":0,"82":0,"83":0,"84":0,"85":0,"86":0,"87":0,"88":0,"89":0,"90":0,"91":0,"92":0,"93":0,"94":0,"95":0,"96":0,"97":40},"b":{"0":[40,19],"1":[25,4,0],"2":[21,19],"3":[4,36],"4":[21,21],"5":[126,126],"6":[4,2],"7":[4,2],"8":[2,2],"9":[2,2],"10":[1,1],"11":[2,0],"12":[1,1],"13":[0,23],"14":[131,131],"15":[17,17],"16":[0,0],"17":[0,85],"18":[0,90],"19":[0,4],"20":[4,4],"21":[0,4],"22":[4,4,0],"23":[4,4],"24":[4,4],"25":[4,0],"26":[3,3],"27":[2,0],"28":[1,0],"29":[1,0],"30":[0,0],"31":[0,0],"32":[2,2],"33":[2,2],"34":[2,1],"35":[1,0],"36":[1,1],"37":[0,1],"38":[1,0],"39":[1,0],"40":[1,0],"41":[1,0],"42":[1,0],"43":[2,0],"44":[5,0],"45":[15,15],"46":[15,0],"47":[0,0],"48":[0,0],"49":[0,0],"50":[0,0],"51":[0,0],"52":[0,0],"53":[0,0],"54":[0,0],"55":[0,0],"56":[0,0],"57":[0,0],"58":[0,0],"59":[0,0,0],"60":[0,0],"61":[0,0],"62":[0,0,0],"63":[0,0],"64":[0,0],"65":[0,0],"66":[0,0],"67":[37,3],"68":[40,38],"69":[8,8]},"_coverageSchema":"1a1c01bbd47fc00a2c39e90264f33305004495a9","hash":"26477bcc0a0a941926117bf8156eeb0ee81e7ddb"}
}
