{"/Users/federicoghedina/htdocs/leonardo/dist/index.js": {"path":"/Users/federicoghedina/htdocs/leonardo/dist/index.js","statementMap":{"0":{"start":{"line":12,"column":17},"end":{"line":1282,"column":4}},"1":{"start":{"line":17,"column":18},"end":{"line":24,"column":2}},"2":{"start":{"line":35,"column":2},"end":{"line":35,"column":31}},"3":{"start":{"line":36,"column":13},"end":{"line":36,"column":17}},"4":{"start":{"line":38,"column":2},"end":{"line":38,"column":20}},"5":{"start":{"line":39,"column":2},"end":{"line":39,"column":21}},"6":{"start":{"line":40,"column":2},"end":{"line":40,"column":23}},"7":{"start":{"line":42,"column":5},"end":{"line":42,"column":30}},"8":{"start":{"line":43,"column":5},"end":{"line":43,"column":43}},"9":{"start":{"line":44,"column":5},"end":{"line":44,"column":45}},"10":{"start":{"line":45,"column":5},"end":{"line":45,"column":52}},"11":{"start":{"line":46,"column":5},"end":{"line":46,"column":69}},"12":{"start":{"line":47,"column":5},"end":{"line":47,"column":22}},"13":{"start":{"line":49,"column":5},"end":{"line":52,"column":47}},"14":{"start":{"line":50,"column":3},"end":{"line":52,"column":47}},"15":{"start":{"line":54,"column":5},"end":{"line":54,"column":57}},"16":{"start":{"line":57,"column":6},"end":{"line":58,"column":60}},"17":{"start":{"line":60,"column":5},"end":{"line":65,"column":3}},"18":{"start":{"line":61,"column":6},"end":{"line":62,"column":41}},"19":{"start":{"line":62,"column":7},"end":{"line":62,"column":41}},"20":{"start":{"line":63,"column":6},"end":{"line":64,"column":27}},"21":{"start":{"line":64,"column":7},"end":{"line":64,"column":27}},"22":{"start":{"line":77,"column":1},"end":{"line":82,"column":3}},"23":{"start":{"line":79,"column":2},"end":{"line":79,"column":68}},"24":{"start":{"line":79,"column":32},"end":{"line":79,"column":68}},"25":{"start":{"line":80,"column":2},"end":{"line":80,"column":54}},"26":{"start":{"line":80,"column":19},"end":{"line":80,"column":54}},"27":{"start":{"line":81,"column":2},"end":{"line":81,"column":14}},"28":{"start":{"line":90,"column":1},"end":{"line":94,"column":3}},"29":{"start":{"line":92,"column":2},"end":{"line":92,"column":50}},"30":{"start":{"line":92,"column":20},"end":{"line":92,"column":50}},"31":{"start":{"line":93,"column":2},"end":{"line":93,"column":14}},"32":{"start":{"line":101,"column":1},"end":{"line":116,"column":3}},"33":{"start":{"line":102,"column":13},"end":{"line":102,"column":17}},"34":{"start":{"line":103,"column":9},"end":{"line":103,"column":36}},"35":{"start":{"line":104,"column":2},"end":{"line":114,"column":5}},"36":{"start":{"line":105,"column":3},"end":{"line":113,"column":4}},"37":{"start":{"line":106,"column":4},"end":{"line":109,"column":7}},"38":{"start":{"line":107,"column":5},"end":{"line":107,"column":25}},"39":{"start":{"line":108,"column":5},"end":{"line":108,"column":20}},"40":{"start":{"line":111,"column":4},"end":{"line":111,"column":25}},"41":{"start":{"line":112,"column":4},"end":{"line":112,"column":33}},"42":{"start":{"line":115,"column":2},"end":{"line":115,"column":14}},"43":{"start":{"line":124,"column":1},"end":{"line":137,"column":3}},"44":{"start":{"line":125,"column":15},"end":{"line":125,"column":59}},"45":{"start":{"line":126,"column":5},"end":{"line":126,"column":37}},"46":{"start":{"line":126,"column":15},"end":{"line":126,"column":37}},"47":{"start":{"line":127,"column":2},"end":{"line":127,"column":21}},"48":{"start":{"line":128,"column":5},"end":{"line":130,"column":6}},"49":{"start":{"line":129,"column":9},"end":{"line":129,"column":36}},"50":{"start":{"line":131,"column":2},"end":{"line":131,"column":28}},"51":{"start":{"line":132,"column":5},"end":{"line":135,"column":6}},"52":{"start":{"line":133,"column":6},"end":{"line":133,"column":30}},"53":{"start":{"line":134,"column":9},"end":{"line":134,"column":52}},"54":{"start":{"line":136,"column":2},"end":{"line":136,"column":14}},"55":{"start":{"line":147,"column":1},"end":{"line":155,"column":3}},"56":{"start":{"line":149,"column":2},"end":{"line":151,"column":3}},"57":{"start":{"line":150,"column":3},"end":{"line":150,"column":23}},"58":{"start":{"line":152,"column":13},"end":{"line":152,"column":24}},"59":{"start":{"line":153,"column":2},"end":{"line":153,"column":27}},"60":{"start":{"line":154,"column":2},"end":{"line":154,"column":14}},"61":{"start":{"line":160,"column":1},"end":{"line":169,"column":3}},"62":{"start":{"line":161,"column":10},"end":{"line":161,"column":44}},"63":{"start":{"line":162,"column":9},"end":{"line":162,"column":21}},"64":{"start":{"line":163,"column":8},"end":{"line":163,"column":10}},"65":{"start":{"line":164,"column":2},"end":{"line":167,"column":3}},"66":{"start":{"line":165,"column":3},"end":{"line":165,"column":28}},"67":{"start":{"line":166,"column":3},"end":{"line":166,"column":64}},"68":{"start":{"line":168,"column":2},"end":{"line":168,"column":12}},"69":{"start":{"line":174,"column":1},"end":{"line":178,"column":3}},"70":{"start":{"line":175,"column":18},"end":{"line":175,"column":47}},"71":{"start":{"line":176,"column":2},"end":{"line":176,"column":37}},"72":{"start":{"line":177,"column":2},"end":{"line":177,"column":29}},"73":{"start":{"line":183,"column":1},"end":{"line":186,"column":3}},"74":{"start":{"line":184,"column":17},"end":{"line":184,"column":32}},"75":{"start":{"line":185,"column":2},"end":{"line":185,"column":60}},"76":{"start":{"line":190,"column":1},"end":{"line":208,"column":2}},"77":{"start":{"line":191,"column":17},"end":{"line":191,"column":21}},"78":{"start":{"line":192,"column":16},"end":{"line":192,"column":20}},"79":{"start":{"line":194,"column":5},"end":{"line":194,"column":30}},"80":{"start":{"line":195,"column":5},"end":{"line":195,"column":34}},"81":{"start":{"line":197,"column":9},"end":{"line":197,"column":30}},"82":{"start":{"line":198,"column":17},"end":{"line":198,"column":34}},"83":{"start":{"line":199,"column":9},"end":{"line":199,"column":38}},"84":{"start":{"line":200,"column":9},"end":{"line":205,"column":10}},"85":{"start":{"line":201,"column":13},"end":{"line":201,"column":44}},"86":{"start":{"line":203,"column":13},"end":{"line":203,"column":42}},"87":{"start":{"line":204,"column":13},"end":{"line":204,"column":36}},"88":{"start":{"line":207,"column":5},"end":{"line":207,"column":36}},"89":{"start":{"line":215,"column":1},"end":{"line":234,"column":2}},"90":{"start":{"line":216,"column":17},"end":{"line":216,"column":21}},"91":{"start":{"line":217,"column":16},"end":{"line":217,"column":20}},"92":{"start":{"line":219,"column":5},"end":{"line":219,"column":30}},"93":{"start":{"line":220,"column":5},"end":{"line":220,"column":34}},"94":{"start":{"line":222,"column":9},"end":{"line":222,"column":29}},"95":{"start":{"line":224,"column":17},"end":{"line":224,"column":54}},"96":{"start":{"line":225,"column":9},"end":{"line":225,"column":38}},"97":{"start":{"line":226,"column":9},"end":{"line":231,"column":10}},"98":{"start":{"line":227,"column":13},"end":{"line":227,"column":44}},"99":{"start":{"line":229,"column":13},"end":{"line":229,"column":37}},"100":{"start":{"line":230,"column":13},"end":{"line":230,"column":42}},"101":{"start":{"line":233,"column":5},"end":{"line":233,"column":37}},"102":{"start":{"line":242,"column":1},"end":{"line":255,"column":3}},"103":{"start":{"line":243,"column":10},"end":{"line":243,"column":37}},"104":{"start":{"line":245,"column":5},"end":{"line":245,"column":29}},"105":{"start":{"line":246,"column":5},"end":{"line":246,"column":31}},"106":{"start":{"line":248,"column":2},"end":{"line":248,"column":30}},"107":{"start":{"line":249,"column":2},"end":{"line":249,"column":31}},"108":{"start":{"line":253,"column":2},"end":{"line":253,"column":20}},"109":{"start":{"line":254,"column":2},"end":{"line":254,"column":11}},"110":{"start":{"line":261,"column":1},"end":{"line":335,"column":3}},"111":{"start":{"line":262,"column":13},"end":{"line":262,"column":17}},"112":{"start":{"line":263,"column":9},"end":{"line":263,"column":17}},"113":{"start":{"line":264,"column":13},"end":{"line":264,"column":42}},"114":{"start":{"line":265,"column":14},"end":{"line":265,"column":42}},"115":{"start":{"line":266,"column":17},"end":{"line":266,"column":44}},"116":{"start":{"line":267,"column":10},"end":{"line":267,"column":26}},"117":{"start":{"line":268,"column":9},"end":{"line":268,"column":24}},"118":{"start":{"line":269,"column":7},"end":{"line":269,"column":17}},"119":{"start":{"line":270,"column":7},"end":{"line":270,"column":18}},"120":{"start":{"line":271,"column":7},"end":{"line":271,"column":70}},"121":{"start":{"line":271,"column":26},"end":{"line":271,"column":69}},"122":{"start":{"line":273,"column":10},"end":{"line":273,"column":23}},"123":{"start":{"line":274,"column":10},"end":{"line":274,"column":23}},"124":{"start":{"line":276,"column":2},"end":{"line":276,"column":67}},"125":{"start":{"line":277,"column":2},"end":{"line":277,"column":43}},"126":{"start":{"line":278,"column":2},"end":{"line":278,"column":36}},"127":{"start":{"line":280,"column":2},"end":{"line":295,"column":5}},"128":{"start":{"line":281,"column":11},"end":{"line":281,"column":20}},"129":{"start":{"line":282,"column":8},"end":{"line":282,"column":17}},"130":{"start":{"line":283,"column":14},"end":{"line":283,"column":48}},"131":{"start":{"line":283,"column":27},"end":{"line":283,"column":46}},"132":{"start":{"line":284,"column":14},"end":{"line":284,"column":48}},"133":{"start":{"line":284,"column":27},"end":{"line":284,"column":46}},"134":{"start":{"line":285,"column":3},"end":{"line":285,"column":21}},"135":{"start":{"line":286,"column":3},"end":{"line":286,"column":20}},"136":{"start":{"line":288,"column":12},"end":{"line":288,"column":28}},"137":{"start":{"line":289,"column":9},"end":{"line":289,"column":25}},"138":{"start":{"line":290,"column":3},"end":{"line":293,"column":68}},"139":{"start":{"line":294,"column":3},"end":{"line":294,"column":35}},"140":{"start":{"line":297,"column":2},"end":{"line":297,"column":38}},"141":{"start":{"line":298,"column":2},"end":{"line":298,"column":39}},"142":{"start":{"line":299,"column":2},"end":{"line":333,"column":5}},"143":{"start":{"line":300,"column":14},"end":{"line":300,"column":42}},"144":{"start":{"line":301,"column":8},"end":{"line":301,"column":9}},"145":{"start":{"line":302,"column":9},"end":{"line":302,"column":14}},"146":{"start":{"line":303,"column":11},"end":{"line":303,"column":16}},"147":{"start":{"line":304,"column":10},"end":{"line":304,"column":54}},"148":{"start":{"line":305,"column":9},"end":{"line":305,"column":14}},"149":{"start":{"line":306,"column":3},"end":{"line":306,"column":56}},"150":{"start":{"line":307,"column":3},"end":{"line":307,"column":105}},"151":{"start":{"line":308,"column":3},"end":{"line":311,"column":6}},"152":{"start":{"line":309,"column":4},"end":{"line":309,"column":35}},"153":{"start":{"line":310,"column":4},"end":{"line":310,"column":47}},"154":{"start":{"line":312,"column":3},"end":{"line":315,"column":6}},"155":{"start":{"line":313,"column":4},"end":{"line":313,"column":37}},"156":{"start":{"line":314,"column":4},"end":{"line":314,"column":46}},"157":{"start":{"line":316,"column":3},"end":{"line":316,"column":37}},"158":{"start":{"line":318,"column":3},"end":{"line":318,"column":32}},"159":{"start":{"line":319,"column":3},"end":{"line":322,"column":6}},"160":{"start":{"line":320,"column":4},"end":{"line":320,"column":35}},"161":{"start":{"line":321,"column":4},"end":{"line":321,"column":47}},"162":{"start":{"line":323,"column":3},"end":{"line":326,"column":6}},"163":{"start":{"line":324,"column":4},"end":{"line":324,"column":37}},"164":{"start":{"line":325,"column":4},"end":{"line":325,"column":46}},"165":{"start":{"line":327,"column":3},"end":{"line":330,"column":6}},"166":{"start":{"line":328,"column":4},"end":{"line":328,"column":44}},"167":{"start":{"line":329,"column":4},"end":{"line":329,"column":38}},"168":{"start":{"line":331,"column":3},"end":{"line":331,"column":30}},"169":{"start":{"line":332,"column":3},"end":{"line":332,"column":20}},"170":{"start":{"line":334,"column":2},"end":{"line":334,"column":14}},"171":{"start":{"line":337,"column":1},"end":{"line":348,"column":3}},"172":{"start":{"line":338,"column":19},"end":{"line":338,"column":38}},"173":{"start":{"line":339,"column":12},"end":{"line":339,"column":96}},"174":{"start":{"line":341,"column":2},"end":{"line":343,"column":3}},"175":{"start":{"line":342,"column":3},"end":{"line":342,"column":80}},"176":{"start":{"line":344,"column":2},"end":{"line":346,"column":3}},"177":{"start":{"line":345,"column":3},"end":{"line":345,"column":88}},"178":{"start":{"line":347,"column":2},"end":{"line":347,"column":74}},"179":{"start":{"line":364,"column":1},"end":{"line":368,"column":3}},"180":{"start":{"line":365,"column":13},"end":{"line":365,"column":32}},"181":{"start":{"line":366,"column":2},"end":{"line":366,"column":27}},"182":{"start":{"line":367,"column":2},"end":{"line":367,"column":14}},"183":{"start":{"line":378,"column":1},"end":{"line":382,"column":3}},"184":{"start":{"line":379,"column":15},"end":{"line":379,"column":36}},"185":{"start":{"line":380,"column":2},"end":{"line":380,"column":50}},"186":{"start":{"line":381,"column":2},"end":{"line":381,"column":16}},"187":{"start":{"line":393,"column":1},"end":{"line":397,"column":3}},"188":{"start":{"line":394,"column":16},"end":{"line":394,"column":38}},"189":{"start":{"line":395,"column":2},"end":{"line":395,"column":62}},"190":{"start":{"line":396,"column":2},"end":{"line":396,"column":17}},"191":{"start":{"line":404,"column":1},"end":{"line":406,"column":3}},"192":{"start":{"line":405,"column":2},"end":{"line":405,"column":26}},"193":{"start":{"line":418,"column":1},"end":{"line":423,"column":3}},"194":{"start":{"line":419,"column":14},"end":{"line":419,"column":34}},"195":{"start":{"line":420,"column":2},"end":{"line":420,"column":61}},"196":{"start":{"line":421,"column":2},"end":{"line":421,"column":64}},"197":{"start":{"line":422,"column":2},"end":{"line":422,"column":15}},"198":{"start":{"line":434,"column":1},"end":{"line":438,"column":3}},"199":{"start":{"line":435,"column":13},"end":{"line":435,"column":32}},"200":{"start":{"line":436,"column":2},"end":{"line":436,"column":59}},"201":{"start":{"line":437,"column":2},"end":{"line":437,"column":14}},"202":{"start":{"line":447,"column":1},"end":{"line":453,"column":3}},"203":{"start":{"line":448,"column":13},"end":{"line":448,"column":32}},"204":{"start":{"line":449,"column":5},"end":{"line":449,"column":24}},"205":{"start":{"line":450,"column":5},"end":{"line":450,"column":16}},"206":{"start":{"line":451,"column":2},"end":{"line":451,"column":28}},"207":{"start":{"line":452,"column":2},"end":{"line":452,"column":14}},"208":{"start":{"line":460,"column":1},"end":{"line":470,"column":3}},"209":{"start":{"line":461,"column":16},"end":{"line":461,"column":38}},"210":{"start":{"line":462,"column":12},"end":{"line":462,"column":39}},"211":{"start":{"line":463,"column":8},"end":{"line":463,"column":10}},"212":{"start":{"line":464,"column":7},"end":{"line":464,"column":8}},"213":{"start":{"line":464,"column":14},"end":{"line":464,"column":27}},"214":{"start":{"line":465,"column":2},"end":{"line":467,"column":3}},"215":{"start":{"line":466,"column":3},"end":{"line":466,"column":41}},"216":{"start":{"line":468,"column":2},"end":{"line":468,"column":49}},"217":{"start":{"line":469,"column":2},"end":{"line":469,"column":17}},"218":{"start":{"line":477,"column":1},"end":{"line":487,"column":3}},"219":{"start":{"line":478,"column":17},"end":{"line":478,"column":40}},"220":{"start":{"line":479,"column":12},"end":{"line":479,"column":39}},"221":{"start":{"line":480,"column":8},"end":{"line":480,"column":10}},"222":{"start":{"line":481,"column":7},"end":{"line":481,"column":8}},"223":{"start":{"line":481,"column":14},"end":{"line":481,"column":27}},"224":{"start":{"line":482,"column":2},"end":{"line":484,"column":3}},"225":{"start":{"line":483,"column":3},"end":{"line":483,"column":41}},"226":{"start":{"line":485,"column":2},"end":{"line":485,"column":50}},"227":{"start":{"line":486,"column":2},"end":{"line":486,"column":18}},"228":{"start":{"line":498,"column":1},"end":{"line":503,"column":3}},"229":{"start":{"line":499,"column":2},"end":{"line":499,"column":13}},"230":{"start":{"line":500,"column":13},"end":{"line":500,"column":32}},"231":{"start":{"line":501,"column":2},"end":{"line":501,"column":60}},"232":{"start":{"line":502,"column":2},"end":{"line":502,"column":14}},"233":{"start":{"line":513,"column":1},"end":{"line":519,"column":3}},"234":{"start":{"line":514,"column":13},"end":{"line":514,"column":32}},"235":{"start":{"line":516,"column":2},"end":{"line":516,"column":37}},"236":{"start":{"line":517,"column":2},"end":{"line":517,"column":27}},"237":{"start":{"line":518,"column":2},"end":{"line":518,"column":14}},"238":{"start":{"line":527,"column":1},"end":{"line":531,"column":3}},"239":{"start":{"line":528,"column":13},"end":{"line":528,"column":33}},"240":{"start":{"line":529,"column":2},"end":{"line":529,"column":27}},"241":{"start":{"line":530,"column":2},"end":{"line":530,"column":14}},"242":{"start":{"line":538,"column":1},"end":{"line":545,"column":3}},"243":{"start":{"line":539,"column":15},"end":{"line":539,"column":36}},"244":{"start":{"line":540,"column":2},"end":{"line":540,"column":58}},"245":{"start":{"line":541,"column":2},"end":{"line":543,"column":3}},"246":{"start":{"line":542,"column":3},"end":{"line":542,"column":58}},"247":{"start":{"line":544,"column":2},"end":{"line":544,"column":16}},"248":{"start":{"line":552,"column":1},"end":{"line":554,"column":3}},"249":{"start":{"line":553,"column":2},"end":{"line":553,"column":30}},"250":{"start":{"line":575,"column":2},"end":{"line":575,"column":17}},"251":{"start":{"line":576,"column":2},"end":{"line":576,"column":23}},"252":{"start":{"line":580,"column":2},"end":{"line":585,"column":4}},"253":{"start":{"line":581,"column":11},"end":{"line":581,"column":50}},"254":{"start":{"line":582,"column":3},"end":{"line":582,"column":84}},"255":{"start":{"line":583,"column":3},"end":{"line":583,"column":26}},"256":{"start":{"line":584,"column":3},"end":{"line":584,"column":15}},"257":{"start":{"line":588,"column":1},"end":{"line":588,"column":40}},"258":{"start":{"line":589,"column":1},"end":{"line":589,"column":40}},"259":{"start":{"line":590,"column":1},"end":{"line":590,"column":40}},"260":{"start":{"line":591,"column":1},"end":{"line":591,"column":40}},"261":{"start":{"line":592,"column":1},"end":{"line":592,"column":40}},"262":{"start":{"line":593,"column":1},"end":{"line":593,"column":40}},"263":{"start":{"line":594,"column":1},"end":{"line":594,"column":40}},"264":{"start":{"line":595,"column":1},"end":{"line":595,"column":40}},"265":{"start":{"line":596,"column":1},"end":{"line":596,"column":40}},"266":{"start":{"line":597,"column":1},"end":{"line":597,"column":40}},"267":{"start":{"line":598,"column":1},"end":{"line":598,"column":40}},"268":{"start":{"line":599,"column":1},"end":{"line":599,"column":40}},"269":{"start":{"line":600,"column":1},"end":{"line":600,"column":40}},"270":{"start":{"line":601,"column":1},"end":{"line":601,"column":40}},"271":{"start":{"line":602,"column":1},"end":{"line":602,"column":40}},"272":{"start":{"line":603,"column":1},"end":{"line":603,"column":40}},"273":{"start":{"line":604,"column":1},"end":{"line":604,"column":40}},"274":{"start":{"line":605,"column":1},"end":{"line":605,"column":40}},"275":{"start":{"line":606,"column":1},"end":{"line":606,"column":40}},"276":{"start":{"line":607,"column":1},"end":{"line":607,"column":40}},"277":{"start":{"line":614,"column":1},"end":{"line":622,"column":6}},"278":{"start":{"line":615,"column":11},"end":{"line":615,"column":26}},"279":{"start":{"line":616,"column":2},"end":{"line":620,"column":4}},"280":{"start":{"line":617,"column":11},"end":{"line":617,"column":25}},"281":{"start":{"line":618,"column":3},"end":{"line":618,"column":18}},"282":{"start":{"line":619,"column":3},"end":{"line":619,"column":12}},"283":{"start":{"line":621,"column":2},"end":{"line":621,"column":12}},"284":{"start":{"line":624,"column":1},"end":{"line":628,"column":3}},"285":{"start":{"line":625,"column":13},"end":{"line":625,"column":17}},"286":{"start":{"line":626,"column":7},"end":{"line":626,"column":59}},"287":{"start":{"line":627,"column":2},"end":{"line":627,"column":22}},"288":{"start":{"line":630,"column":1},"end":{"line":660,"column":3}},"289":{"start":{"line":631,"column":17},"end":{"line":631,"column":18}},"290":{"start":{"line":633,"column":2},"end":{"line":637,"column":3}},"291":{"start":{"line":634,"column":11},"end":{"line":634,"column":21}},"292":{"start":{"line":635,"column":3},"end":{"line":635,"column":25}},"293":{"start":{"line":636,"column":3},"end":{"line":636,"column":16}},"294":{"start":{"line":641,"column":2},"end":{"line":641,"column":50}},"295":{"start":{"line":642,"column":2},"end":{"line":642,"column":35}},"296":{"start":{"line":643,"column":2},"end":{"line":643,"column":31}},"297":{"start":{"line":644,"column":2},"end":{"line":659,"column":14}},"298":{"start":{"line":667,"column":1},"end":{"line":697,"column":2}},"299":{"start":{"line":668,"column":16},"end":{"line":668,"column":29}},"300":{"start":{"line":669,"column":14},"end":{"line":669,"column":19}},"301":{"start":{"line":670,"column":22},"end":{"line":670,"column":51}},"302":{"start":{"line":672,"column":17},"end":{"line":678,"column":10}},"303":{"start":{"line":683,"column":5},"end":{"line":683,"column":37}},"304":{"start":{"line":684,"column":5},"end":{"line":694,"column":7}},"305":{"start":{"line":685,"column":9},"end":{"line":685,"column":35}},"306":{"start":{"line":686,"column":19},"end":{"line":690,"column":10}},"307":{"start":{"line":691,"column":9},"end":{"line":691,"column":53}},"308":{"start":{"line":691,"column":30},"end":{"line":691,"column":53}},"309":{"start":{"line":692,"column":9},"end":{"line":692,"column":32}},"310":{"start":{"line":693,"column":9},"end":{"line":693,"column":31}},"311":{"start":{"line":695,"column":5},"end":{"line":695,"column":29}},"312":{"start":{"line":696,"column":5},"end":{"line":696,"column":31}},"313":{"start":{"line":699,"column":1},"end":{"line":719,"column":2}},"314":{"start":{"line":700,"column":16},"end":{"line":700,"column":29}},"315":{"start":{"line":701,"column":14},"end":{"line":701,"column":19}},"316":{"start":{"line":702,"column":22},"end":{"line":702,"column":51}},"317":{"start":{"line":704,"column":5},"end":{"line":704,"column":42}},"318":{"start":{"line":706,"column":5},"end":{"line":716,"column":7}},"319":{"start":{"line":707,"column":9},"end":{"line":707,"column":35}},"320":{"start":{"line":708,"column":21},"end":{"line":712,"column":10}},"321":{"start":{"line":713,"column":9},"end":{"line":713,"column":55}},"322":{"start":{"line":713,"column":30},"end":{"line":713,"column":55}},"323":{"start":{"line":714,"column":9},"end":{"line":714,"column":34}},"324":{"start":{"line":715,"column":9},"end":{"line":715,"column":31}},"325":{"start":{"line":717,"column":5},"end":{"line":717,"column":34}},"326":{"start":{"line":718,"column":5},"end":{"line":718,"column":31}},"327":{"start":{"line":724,"column":1},"end":{"line":747,"column":2}},"328":{"start":{"line":725,"column":5},"end":{"line":725,"column":18}},"329":{"start":{"line":726,"column":14},"end":{"line":726,"column":19}},"330":{"start":{"line":727,"column":18},"end":{"line":727,"column":39}},"331":{"start":{"line":728,"column":22},"end":{"line":728,"column":277}},"332":{"start":{"line":729,"column":5},"end":{"line":729,"column":36}},"333":{"start":{"line":731,"column":5},"end":{"line":743,"column":6}},"334":{"start":{"line":732,"column":17},"end":{"line":732,"column":18}},"335":{"start":{"line":732,"column":24},"end":{"line":732,"column":38}},"336":{"start":{"line":732,"column":51},"end":{"line":732,"column":56}},"337":{"start":{"line":736,"column":9},"end":{"line":736,"column":24}},"338":{"start":{"line":737,"column":9},"end":{"line":740,"column":10}},"339":{"start":{"line":738,"column":13},"end":{"line":738,"column":41}},"340":{"start":{"line":739,"column":13},"end":{"line":739,"column":42}},"341":{"start":{"line":742,"column":9},"end":{"line":742,"column":30}},"342":{"start":{"line":745,"column":5},"end":{"line":745,"column":30}},"343":{"start":{"line":746,"column":5},"end":{"line":746,"column":53}},"344":{"start":{"line":757,"column":4},"end":{"line":811,"column":9}},"345":{"start":{"line":759,"column":12},"end":{"line":759,"column":38}},"346":{"start":{"line":760,"column":14},"end":{"line":760,"column":15}},"347":{"start":{"line":761,"column":11},"end":{"line":761,"column":12}},"348":{"start":{"line":762,"column":11},"end":{"line":762,"column":12}},"349":{"start":{"line":763,"column":12},"end":{"line":768,"column":28}},"350":{"start":{"line":764,"column":8},"end":{"line":764,"column":21}},"351":{"start":{"line":765,"column":8},"end":{"line":765,"column":21}},"352":{"start":{"line":766,"column":8},"end":{"line":766,"column":17}},"353":{"start":{"line":767,"column":8},"end":{"line":767,"column":22}},"354":{"start":{"line":769,"column":12},"end":{"line":771,"column":13}},"355":{"start":{"line":770,"column":16},"end":{"line":770,"column":33}},"356":{"start":{"line":774,"column":12},"end":{"line":774,"column":38}},"357":{"start":{"line":775,"column":14},"end":{"line":775,"column":15}},"358":{"start":{"line":776,"column":11},"end":{"line":776,"column":12}},"359":{"start":{"line":777,"column":11},"end":{"line":777,"column":12}},"360":{"start":{"line":778,"column":12},"end":{"line":786,"column":28}},"361":{"start":{"line":779,"column":8},"end":{"line":779,"column":21}},"362":{"start":{"line":780,"column":8},"end":{"line":780,"column":21}},"363":{"start":{"line":781,"column":8},"end":{"line":781,"column":17}},"364":{"start":{"line":782,"column":8},"end":{"line":785,"column":10}},"365":{"start":{"line":787,"column":12},"end":{"line":789,"column":13}},"366":{"start":{"line":788,"column":16},"end":{"line":788,"column":33}},"367":{"start":{"line":793,"column":20},"end":{"line":793,"column":42}},"368":{"start":{"line":794,"column":6},"end":{"line":802,"column":9}},"369":{"start":{"line":803,"column":6},"end":{"line":803,"column":21}},"370":{"start":{"line":806,"column":5},"end":{"line":810,"column":7}},"371":{"start":{"line":849,"column":5},"end":{"line":862,"column":6}},"372":{"start":{"line":850,"column":16},"end":{"line":850,"column":20}},"373":{"start":{"line":851,"column":13},"end":{"line":851,"column":32}},"374":{"start":{"line":852,"column":13},"end":{"line":852,"column":32}},"375":{"start":{"line":853,"column":13},"end":{"line":853,"column":25}},"376":{"start":{"line":854,"column":17},"end":{"line":854,"column":40}},"377":{"start":{"line":855,"column":5},"end":{"line":855,"column":35}},"378":{"start":{"line":856,"column":5},"end":{"line":856,"column":34}},"379":{"start":{"line":857,"column":5},"end":{"line":857,"column":75}},"380":{"start":{"line":858,"column":5},"end":{"line":858,"column":23}},"381":{"start":{"line":859,"column":5},"end":{"line":859,"column":27}},"382":{"start":{"line":860,"column":5},"end":{"line":860,"column":23}},"383":{"start":{"line":861,"column":5},"end":{"line":861,"column":17}},"384":{"start":{"line":865,"column":4},"end":{"line":890,"column":5}},"385":{"start":{"line":866,"column":18},"end":{"line":866,"column":30}},"386":{"start":{"line":867,"column":17},"end":{"line":867,"column":22}},"387":{"start":{"line":868,"column":19},"end":{"line":868,"column":38}},"388":{"start":{"line":869,"column":20},"end":{"line":869,"column":39}},"389":{"start":{"line":870,"column":23},"end":{"line":870,"column":46}},"390":{"start":{"line":871,"column":8},"end":{"line":877,"column":10}},"391":{"start":{"line":878,"column":8},"end":{"line":878,"column":27}},"392":{"start":{"line":879,"column":8},"end":{"line":879,"column":30}},"393":{"start":{"line":880,"column":8},"end":{"line":880,"column":38}},"394":{"start":{"line":881,"column":8},"end":{"line":881,"column":43}},"395":{"start":{"line":882,"column":8},"end":{"line":882,"column":31}},"396":{"start":{"line":884,"column":8},"end":{"line":884,"column":37}},"397":{"start":{"line":885,"column":8},"end":{"line":885,"column":38}},"398":{"start":{"line":886,"column":8},"end":{"line":886,"column":31}},"399":{"start":{"line":887,"column":8},"end":{"line":887,"column":32}},"400":{"start":{"line":888,"column":8},"end":{"line":888,"column":66}},"401":{"start":{"line":888,"column":38},"end":{"line":888,"column":65}},"402":{"start":{"line":889,"column":8},"end":{"line":889,"column":19}},"403":{"start":{"line":892,"column":4},"end":{"line":896,"column":5}},"404":{"start":{"line":893,"column":17},"end":{"line":893,"column":36}},"405":{"start":{"line":894,"column":8},"end":{"line":894,"column":63}},"406":{"start":{"line":895,"column":8},"end":{"line":895,"column":17}},"407":{"start":{"line":911,"column":2},"end":{"line":911,"column":28}},"408":{"start":{"line":912,"column":2},"end":{"line":912,"column":43}},"409":{"start":{"line":922,"column":12},"end":{"line":922,"column":14}},"410":{"start":{"line":923,"column":2},"end":{"line":923,"column":46}},"411":{"start":{"line":923,"column":15},"end":{"line":923,"column":46}},"412":{"start":{"line":924,"column":2},"end":{"line":924,"column":23}},"413":{"start":{"line":935,"column":2},"end":{"line":938,"column":3}},"414":{"start":{"line":936,"column":14},"end":{"line":936,"column":41}},"415":{"start":{"line":937,"column":3},"end":{"line":937,"column":29}},"416":{"start":{"line":942,"column":2},"end":{"line":942,"column":29}},"417":{"start":{"line":946,"column":2},"end":{"line":946,"column":29}},"418":{"start":{"line":949,"column":11},"end":{"line":956,"column":5}},"419":{"start":{"line":950,"column":18},"end":{"line":950,"column":19}},"420":{"start":{"line":952,"column":5},"end":{"line":955,"column":6}},"421":{"start":{"line":953,"column":9},"end":{"line":953,"column":18}},"422":{"start":{"line":954,"column":9},"end":{"line":954,"column":35}},"423":{"start":{"line":959,"column":5},"end":{"line":962,"column":6}},"424":{"start":{"line":960,"column":9},"end":{"line":960,"column":45}},"425":{"start":{"line":961,"column":9},"end":{"line":961,"column":40}},"426":{"start":{"line":963,"column":5},"end":{"line":963,"column":26}},"427":{"start":{"line":967,"column":13},"end":{"line":967,"column":39}},"428":{"start":{"line":969,"column":3},"end":{"line":972,"column":5}},"429":{"start":{"line":976,"column":17},"end":{"line":976,"column":57}},"430":{"start":{"line":977,"column":15},"end":{"line":977,"column":57}},"431":{"start":{"line":978,"column":24},"end":{"line":978,"column":64}},"432":{"start":{"line":979,"column":5},"end":{"line":984,"column":17}},"433":{"start":{"line":997,"column":2},"end":{"line":997,"column":15}},"434":{"start":{"line":998,"column":2},"end":{"line":998,"column":29}},"435":{"start":{"line":999,"column":2},"end":{"line":999,"column":19}},"436":{"start":{"line":1000,"column":2},"end":{"line":1000,"column":19}},"437":{"start":{"line":1001,"column":2},"end":{"line":1005,"column":4}},"438":{"start":{"line":1011,"column":1},"end":{"line":1011,"column":61}},"439":{"start":{"line":1016,"column":1},"end":{"line":1016,"column":47}},"440":{"start":{"line":1021,"column":1},"end":{"line":1021,"column":47}},"441":{"start":{"line":1030,"column":1},"end":{"line":1038,"column":3}},"442":{"start":{"line":1031,"column":2},"end":{"line":1035,"column":3}},"443":{"start":{"line":1032,"column":3},"end":{"line":1032,"column":35}},"444":{"start":{"line":1034,"column":3},"end":{"line":1034,"column":33}},"445":{"start":{"line":1036,"column":2},"end":{"line":1036,"column":43}},"446":{"start":{"line":1037,"column":2},"end":{"line":1037,"column":14}},"447":{"start":{"line":1047,"column":1},"end":{"line":1060,"column":3}},"448":{"start":{"line":1048,"column":16},"end":{"line":1048,"column":20}},"449":{"start":{"line":1049,"column":2},"end":{"line":1058,"column":3}},"450":{"start":{"line":1050,"column":3},"end":{"line":1057,"column":4}},"451":{"start":{"line":1051,"column":4},"end":{"line":1053,"column":7}},"452":{"start":{"line":1052,"column":5},"end":{"line":1052,"column":49}},"453":{"start":{"line":1054,"column":4},"end":{"line":1054,"column":34}},"454":{"start":{"line":1056,"column":4},"end":{"line":1056,"column":48}},"455":{"start":{"line":1059,"column":2},"end":{"line":1059,"column":14}},"456":{"start":{"line":1081,"column":1},"end":{"line":1088,"column":3}},"457":{"start":{"line":1082,"column":16},"end":{"line":1082,"column":20}},"458":{"start":{"line":1083,"column":2},"end":{"line":1086,"column":5}},"459":{"start":{"line":1084,"column":3},"end":{"line":1084,"column":26}},"460":{"start":{"line":1085,"column":3},"end":{"line":1085,"column":9}},"461":{"start":{"line":1087,"column":2},"end":{"line":1087,"column":14}},"462":{"start":{"line":1097,"column":1},"end":{"line":1117,"column":3}},"463":{"start":{"line":1098,"column":12},"end":{"line":1098,"column":31}},"464":{"start":{"line":1099,"column":15},"end":{"line":1099,"column":34}},"465":{"start":{"line":1100,"column":7},"end":{"line":1100,"column":8}},"466":{"start":{"line":1102,"column":2},"end":{"line":1102,"column":49}},"467":{"start":{"line":1103,"column":2},"end":{"line":1103,"column":45}},"468":{"start":{"line":1104,"column":2},"end":{"line":1104,"column":47}},"469":{"start":{"line":1106,"column":2},"end":{"line":1108,"column":3}},"470":{"start":{"line":1107,"column":3},"end":{"line":1107,"column":63}},"471":{"start":{"line":1110,"column":2},"end":{"line":1112,"column":6}},"472":{"start":{"line":1111,"column":3},"end":{"line":1111,"column":38}},"473":{"start":{"line":1113,"column":5},"end":{"line":1115,"column":6}},"474":{"start":{"line":1114,"column":9},"end":{"line":1114,"column":48}},"475":{"start":{"line":1116,"column":2},"end":{"line":1116,"column":13}},"476":{"start":{"line":1119,"column":1},"end":{"line":1127,"column":3}},"477":{"start":{"line":1120,"column":14},"end":{"line":1120,"column":36}},"478":{"start":{"line":1121,"column":15},"end":{"line":1121,"column":33}},"479":{"start":{"line":1122,"column":5},"end":{"line":1124,"column":6}},"480":{"start":{"line":1123,"column":9},"end":{"line":1123,"column":80}},"481":{"start":{"line":1125,"column":5},"end":{"line":1125,"column":50}},"482":{"start":{"line":1126,"column":5},"end":{"line":1126,"column":16}},"483":{"start":{"line":1130,"column":5},"end":{"line":1130,"column":137}},"484":{"start":{"line":1131,"column":2},"end":{"line":1131,"column":18}},"485":{"start":{"line":1142,"column":1},"end":{"line":1147,"column":3}},"486":{"start":{"line":1143,"column":2},"end":{"line":1143,"column":15}},"487":{"start":{"line":1144,"column":2},"end":{"line":1144,"column":15}},"488":{"start":{"line":1145,"column":2},"end":{"line":1145,"column":70}},"489":{"start":{"line":1146,"column":2},"end":{"line":1146,"column":21}},"490":{"start":{"line":1156,"column":1},"end":{"line":1161,"column":3}},"491":{"start":{"line":1157,"column":2},"end":{"line":1157,"column":15}},"492":{"start":{"line":1158,"column":2},"end":{"line":1158,"column":21}},"493":{"start":{"line":1159,"column":2},"end":{"line":1159,"column":59}},"494":{"start":{"line":1160,"column":2},"end":{"line":1160,"column":21}},"495":{"start":{"line":1168,"column":1},"end":{"line":1171,"column":3}},"496":{"start":{"line":1169,"column":2},"end":{"line":1169,"column":42}},"497":{"start":{"line":1170,"column":2},"end":{"line":1170,"column":21}},"498":{"start":{"line":1178,"column":1},"end":{"line":1181,"column":3}},"499":{"start":{"line":1179,"column":2},"end":{"line":1179,"column":42}},"500":{"start":{"line":1180,"column":2},"end":{"line":1180,"column":21}},"501":{"start":{"line":1190,"column":1},"end":{"line":1195,"column":3}},"502":{"start":{"line":1191,"column":2},"end":{"line":1191,"column":15}},"503":{"start":{"line":1192,"column":2},"end":{"line":1192,"column":15}},"504":{"start":{"line":1193,"column":2},"end":{"line":1193,"column":61}},"505":{"start":{"line":1194,"column":2},"end":{"line":1194,"column":21}},"506":{"start":{"line":1197,"column":1},"end":{"line":1199,"column":3}},"507":{"start":{"line":1198,"column":2},"end":{"line":1198,"column":44}},"508":{"start":{"line":1201,"column":1},"end":{"line":1203,"column":3}},"509":{"start":{"line":1202,"column":5},"end":{"line":1202,"column":27}},"510":{"start":{"line":1205,"column":1},"end":{"line":1207,"column":3}},"511":{"start":{"line":1206,"column":5},"end":{"line":1206,"column":28}},"512":{"start":{"line":1209,"column":1},"end":{"line":1213,"column":3}},"513":{"start":{"line":1210,"column":16},"end":{"line":1210,"column":29}},"514":{"start":{"line":1211,"column":2},"end":{"line":1211,"column":22}},"515":{"start":{"line":1212,"column":2},"end":{"line":1212,"column":14}},"516":{"start":{"line":1219,"column":1},"end":{"line":1247,"column":2}},"517":{"start":{"line":1220,"column":18},"end":{"line":1220,"column":42}},"518":{"start":{"line":1221,"column":5},"end":{"line":1246,"column":6}},"519":{"start":{"line":1223,"column":13},"end":{"line":1223,"column":42}},"520":{"start":{"line":1224,"column":13},"end":{"line":1224,"column":42}},"521":{"start":{"line":1225,"column":13},"end":{"line":1225,"column":19}},"522":{"start":{"line":1227,"column":13},"end":{"line":1227,"column":42}},"523":{"start":{"line":1228,"column":13},"end":{"line":1228,"column":62}},"524":{"start":{"line":1229,"column":13},"end":{"line":1229,"column":19}},"525":{"start":{"line":1231,"column":21},"end":{"line":1231,"column":29}},"526":{"start":{"line":1232,"column":13},"end":{"line":1244,"column":14}},"527":{"start":{"line":1233,"column":17},"end":{"line":1235,"column":18}},"528":{"start":{"line":1234,"column":21},"end":{"line":1234,"column":38}},"529":{"start":{"line":1236,"column":17},"end":{"line":1236,"column":46}},"530":{"start":{"line":1237,"column":17},"end":{"line":1237,"column":62}},"531":{"start":{"line":1238,"column":20},"end":{"line":1244,"column":14}},"532":{"start":{"line":1239,"column":17},"end":{"line":1241,"column":18}},"533":{"start":{"line":1240,"column":21},"end":{"line":1240,"column":42}},"534":{"start":{"line":1242,"column":17},"end":{"line":1242,"column":46}},"535":{"start":{"line":1243,"column":17},"end":{"line":1243,"column":50}},"536":{"start":{"line":1245,"column":13},"end":{"line":1245,"column":19}},"537":{"start":{"line":1249,"column":1},"end":{"line":1253,"column":2}},"538":{"start":{"line":1250,"column":18},"end":{"line":1250,"column":42}},"539":{"start":{"line":1251,"column":5},"end":{"line":1251,"column":34}},"540":{"start":{"line":1252,"column":5},"end":{"line":1252,"column":34}},"541":{"start":{"line":1255,"column":1},"end":{"line":1257,"column":3}},"542":{"start":{"line":1256,"column":2},"end":{"line":1256,"column":26}},"543":{"start":{"line":1264,"column":1},"end":{"line":1266,"column":3}},"544":{"start":{"line":1265,"column":2},"end":{"line":1265,"column":69}},"545":{"start":{"line":1268,"column":1},"end":{"line":1270,"column":3}},"546":{"start":{"line":1269,"column":2},"end":{"line":1269,"column":28}},"547":{"start":{"line":1272,"column":11},"end":{"line":1278,"column":2}},"548":{"start":{"line":1273,"column":2},"end":{"line":1276,"column":5}},"549":{"start":{"line":1274,"column":3},"end":{"line":1276,"column":5}},"550":{"start":{"line":1277,"column":2},"end":{"line":1277,"column":28}},"551":{"start":{"line":1279,"column":1},"end":{"line":1279,"column":23}},"552":{"start":{"line":1280,"column":1},"end":{"line":1280,"column":21}},"553":{"start":{"line":1281,"column":4},"end":{"line":1281,"column":15}},"554":{"start":{"line":1283,"column":0},"end":{"line":1283,"column":61}}},"fnMap":{"0":{"name":"(anonymous_0)","decl":{"start":{"line":12,"column":18},"end":{"line":12,"column":19}},"loc":{"start":{"line":12,"column":30},"end":{"line":1282,"column":1}},"line":12},"1":{"name":"L","decl":{"start":{"line":34,"column":10},"end":{"line":34,"column":11}},"loc":{"start":{"line":34,"column":34},"end":{"line":66,"column":2}},"line":34},"2":{"name":"addNs","decl":{"start":{"line":56,"column":14},"end":{"line":56,"column":19}},"loc":{"start":{"line":56,"column":22},"end":{"line":59,"column":6}},"line":56},"3":{"name":"(anonymous_3)","decl":{"start":{"line":77,"column":29},"end":{"line":77,"column":30}},"loc":{"start":{"line":77,"column":46},"end":{"line":82,"column":2}},"line":77},"4":{"name":"(anonymous_4)","decl":{"start":{"line":90,"column":22},"end":{"line":90,"column":23}},"loc":{"start":{"line":90,"column":40},"end":{"line":94,"column":2}},"line":90},"5":{"name":"(anonymous_5)","decl":{"start":{"line":101,"column":22},"end":{"line":101,"column":23}},"loc":{"start":{"line":101,"column":34},"end":{"line":116,"column":2}},"line":101},"6":{"name":"(anonymous_6)","decl":{"start":{"line":104,"column":14},"end":{"line":104,"column":15}},"loc":{"start":{"line":104,"column":28},"end":{"line":114,"column":3}},"line":104},"7":{"name":"(anonymous_7)","decl":{"start":{"line":106,"column":15},"end":{"line":106,"column":16}},"loc":{"start":{"line":106,"column":28},"end":{"line":109,"column":5}},"line":106},"8":{"name":"(anonymous_8)","decl":{"start":{"line":124,"column":22},"end":{"line":124,"column":23}},"loc":{"start":{"line":124,"column":35},"end":{"line":137,"column":2}},"line":124},"9":{"name":"(anonymous_9)","decl":{"start":{"line":147,"column":12},"end":{"line":147,"column":13}},"loc":{"start":{"line":147,"column":25},"end":{"line":155,"column":2}},"line":147},"10":{"name":"(anonymous_10)","decl":{"start":{"line":160,"column":11},"end":{"line":160,"column":12}},"loc":{"start":{"line":160,"column":23},"end":{"line":169,"column":2}},"line":160},"11":{"name":"(anonymous_11)","decl":{"start":{"line":174,"column":14},"end":{"line":174,"column":15}},"loc":{"start":{"line":174,"column":37},"end":{"line":178,"column":2}},"line":174},"12":{"name":"(anonymous_12)","decl":{"start":{"line":183,"column":16},"end":{"line":183,"column":17}},"loc":{"start":{"line":183,"column":37},"end":{"line":186,"column":2}},"line":183},"13":{"name":"(anonymous_13)","decl":{"start":{"line":190,"column":22},"end":{"line":190,"column":23}},"loc":{"start":{"line":190,"column":43},"end":{"line":208,"column":2}},"line":190},"14":{"name":"fade","decl":{"start":{"line":196,"column":14},"end":{"line":196,"column":18}},"loc":{"start":{"line":196,"column":24},"end":{"line":206,"column":6}},"line":196},"15":{"name":"(anonymous_15)","decl":{"start":{"line":215,"column":23},"end":{"line":215,"column":24}},"loc":{"start":{"line":215,"column":45},"end":{"line":234,"column":2}},"line":215},"16":{"name":"fade","decl":{"start":{"line":221,"column":14},"end":{"line":221,"column":18}},"loc":{"start":{"line":221,"column":24},"end":{"line":232,"column":6}},"line":221},"17":{"name":"(anonymous_17)","decl":{"start":{"line":242,"column":30},"end":{"line":242,"column":31}},"loc":{"start":{"line":242,"column":51},"end":{"line":255,"column":2}},"line":242},"18":{"name":"(anonymous_18)","decl":{"start":{"line":261,"column":33},"end":{"line":261,"column":34}},"loc":{"start":{"line":261,"column":45},"end":{"line":335,"column":2}},"line":261},"19":{"name":"(anonymous_19)","decl":{"start":{"line":271,"column":7},"end":{"line":271,"column":8}},"loc":{"start":{"line":271,"column":24},"end":{"line":271,"column":70}},"line":271},"20":{"name":"(anonymous_20)","decl":{"start":{"line":280,"column":36},"end":{"line":280,"column":37}},"loc":{"start":{"line":280,"column":48},"end":{"line":295,"column":3}},"line":280},"21":{"name":"(anonymous_21)","decl":{"start":{"line":283,"column":14},"end":{"line":283,"column":15}},"loc":{"start":{"line":283,"column":26},"end":{"line":283,"column":48}},"line":283},"22":{"name":"(anonymous_22)","decl":{"start":{"line":284,"column":14},"end":{"line":284,"column":15}},"loc":{"start":{"line":284,"column":26},"end":{"line":284,"column":48}},"line":284},"23":{"name":"(anonymous_23)","decl":{"start":{"line":299,"column":32},"end":{"line":299,"column":33}},"loc":{"start":{"line":299,"column":44},"end":{"line":333,"column":3}},"line":299},"24":{"name":"(anonymous_24)","decl":{"start":{"line":308,"column":23},"end":{"line":308,"column":24}},"loc":{"start":{"line":308,"column":35},"end":{"line":311,"column":4}},"line":308},"25":{"name":"(anonymous_25)","decl":{"start":{"line":312,"column":24},"end":{"line":312,"column":25}},"loc":{"start":{"line":312,"column":36},"end":{"line":315,"column":4}},"line":312},"26":{"name":"(anonymous_26)","decl":{"start":{"line":319,"column":38},"end":{"line":319,"column":39}},"loc":{"start":{"line":319,"column":48},"end":{"line":322,"column":4}},"line":319},"27":{"name":"(anonymous_27)","decl":{"start":{"line":323,"column":37},"end":{"line":323,"column":38}},"loc":{"start":{"line":323,"column":47},"end":{"line":326,"column":4}},"line":323},"28":{"name":"(anonymous_28)","decl":{"start":{"line":327,"column":37},"end":{"line":327,"column":38}},"loc":{"start":{"line":327,"column":47},"end":{"line":330,"column":4}},"line":327},"29":{"name":"(anonymous_29)","decl":{"start":{"line":337,"column":28},"end":{"line":337,"column":29}},"loc":{"start":{"line":337,"column":40},"end":{"line":348,"column":2}},"line":337},"30":{"name":"(anonymous_30)","decl":{"start":{"line":364,"column":20},"end":{"line":364,"column":21}},"loc":{"start":{"line":364,"column":35},"end":{"line":368,"column":2}},"line":364},"31":{"name":"(anonymous_31)","decl":{"start":{"line":378,"column":22},"end":{"line":378,"column":23}},"loc":{"start":{"line":378,"column":43},"end":{"line":382,"column":2}},"line":378},"32":{"name":"(anonymous_32)","decl":{"start":{"line":393,"column":23},"end":{"line":393,"column":24}},"loc":{"start":{"line":393,"column":49},"end":{"line":397,"column":2}},"line":393},"33":{"name":"(anonymous_33)","decl":{"start":{"line":404,"column":21},"end":{"line":404,"column":22}},"loc":{"start":{"line":404,"column":33},"end":{"line":406,"column":2}},"line":404},"34":{"name":"(anonymous_34)","decl":{"start":{"line":418,"column":21},"end":{"line":418,"column":22}},"loc":{"start":{"line":418,"column":48},"end":{"line":423,"column":2}},"line":418},"35":{"name":"(anonymous_35)","decl":{"start":{"line":434,"column":20},"end":{"line":434,"column":21}},"loc":{"start":{"line":434,"column":46},"end":{"line":438,"column":2}},"line":434},"36":{"name":"(anonymous_36)","decl":{"start":{"line":447,"column":20},"end":{"line":447,"column":21}},"loc":{"start":{"line":447,"column":40},"end":{"line":453,"column":2}},"line":447},"37":{"name":"(anonymous_37)","decl":{"start":{"line":460,"column":23},"end":{"line":460,"column":24}},"loc":{"start":{"line":460,"column":35},"end":{"line":470,"column":2}},"line":460},"38":{"name":"(anonymous_38)","decl":{"start":{"line":477,"column":24},"end":{"line":477,"column":25}},"loc":{"start":{"line":477,"column":36},"end":{"line":487,"column":2}},"line":477},"39":{"name":"(anonymous_39)","decl":{"start":{"line":498,"column":20},"end":{"line":498,"column":21}},"loc":{"start":{"line":498,"column":42},"end":{"line":503,"column":2}},"line":498},"40":{"name":"(anonymous_40)","decl":{"start":{"line":513,"column":20},"end":{"line":513,"column":21}},"loc":{"start":{"line":513,"column":41},"end":{"line":519,"column":2}},"line":513},"41":{"name":"(anonymous_41)","decl":{"start":{"line":527,"column":21},"end":{"line":527,"column":22}},"loc":{"start":{"line":527,"column":36},"end":{"line":531,"column":2}},"line":527},"42":{"name":"(anonymous_42)","decl":{"start":{"line":538,"column":22},"end":{"line":538,"column":23}},"loc":{"start":{"line":538,"column":37},"end":{"line":545,"column":2}},"line":538},"43":{"name":"(anonymous_43)","decl":{"start":{"line":552,"column":23},"end":{"line":552,"column":24}},"loc":{"start":{"line":552,"column":42},"end":{"line":554,"column":2}},"line":552},"44":{"name":"Pathbuild","decl":{"start":{"line":574,"column":10},"end":{"line":574,"column":19}},"loc":{"start":{"line":574,"column":22},"end":{"line":577,"column":2}},"line":574},"45":{"name":"createFun","decl":{"start":{"line":579,"column":10},"end":{"line":579,"column":19}},"loc":{"start":{"line":579,"column":28},"end":{"line":586,"column":2}},"line":579},"46":{"name":"(anonymous_46)","decl":{"start":{"line":580,"column":9},"end":{"line":580,"column":10}},"loc":{"start":{"line":580,"column":21},"end":{"line":585,"column":3}},"line":580},"47":{"name":"(anonymous_47)","decl":{"start":{"line":614,"column":26},"end":{"line":614,"column":27}},"loc":{"start":{"line":614,"column":38},"end":{"line":622,"column":2}},"line":614},"48":{"name":"(anonymous_48)","decl":{"start":{"line":616,"column":16},"end":{"line":616,"column":17}},"loc":{"start":{"line":616,"column":27},"end":{"line":620,"column":3}},"line":616},"49":{"name":"(anonymous_49)","decl":{"start":{"line":624,"column":21},"end":{"line":624,"column":22}},"loc":{"start":{"line":624,"column":69},"end":{"line":628,"column":2}},"line":624},"50":{"name":"(anonymous_50)","decl":{"start":{"line":630,"column":25},"end":{"line":630,"column":26}},"loc":{"start":{"line":630,"column":73},"end":{"line":660,"column":2}},"line":630},"51":{"name":"(anonymous_51)","decl":{"start":{"line":667,"column":30},"end":{"line":667,"column":31}},"loc":{"start":{"line":667,"column":62},"end":{"line":697,"column":2}},"line":667},"52":{"name":"(anonymous_52)","decl":{"start":{"line":684,"column":19},"end":{"line":684,"column":20}},"loc":{"start":{"line":684,"column":34},"end":{"line":694,"column":6}},"line":684},"53":{"name":"radial","decl":{"start":{"line":699,"column":39},"end":{"line":699,"column":45}},"loc":{"start":{"line":699,"column":53},"end":{"line":719,"column":2}},"line":699},"54":{"name":"(anonymous_54)","decl":{"start":{"line":706,"column":19},"end":{"line":706,"column":20}},"loc":{"start":{"line":706,"column":34},"end":{"line":716,"column":6}},"line":706},"55":{"name":"(anonymous_55)","decl":{"start":{"line":724,"column":22},"end":{"line":724,"column":23}},"loc":{"start":{"line":724,"column":40},"end":{"line":747,"column":2}},"line":724},"56":{"name":"(anonymous_56)","decl":{"start":{"line":757,"column":27},"end":{"line":757,"column":28}},"loc":{"start":{"line":757,"column":39},"end":{"line":811,"column":5}},"line":757},"57":{"name":"parametricCartesian","decl":{"start":{"line":758,"column":14},"end":{"line":758,"column":33}},"loc":{"start":{"line":758,"column":56},"end":{"line":772,"column":6}},"line":758},"58":{"name":"(anonymous_58)","decl":{"start":{"line":763,"column":24},"end":{"line":763,"column":25}},"loc":{"start":{"line":763,"column":36},"end":{"line":768,"column":17}},"line":763},"59":{"name":"(anonymous_59)","decl":{"start":{"line":769,"column":19},"end":{"line":769,"column":20}},"loc":{"start":{"line":769,"column":31},"end":{"line":771,"column":13}},"line":769},"60":{"name":"parametricPolar","decl":{"start":{"line":773,"column":14},"end":{"line":773,"column":29}},"loc":{"start":{"line":773,"column":52},"end":{"line":790,"column":6}},"line":773},"61":{"name":"(anonymous_61)","decl":{"start":{"line":778,"column":24},"end":{"line":778,"column":25}},"loc":{"start":{"line":778,"column":36},"end":{"line":786,"column":17}},"line":778},"62":{"name":"(anonymous_62)","decl":{"start":{"line":787,"column":19},"end":{"line":787,"column":20}},"loc":{"start":{"line":787,"column":31},"end":{"line":789,"column":13}},"line":787},"63":{"name":"attr","decl":{"start":{"line":792,"column":14},"end":{"line":792,"column":18}},"loc":{"start":{"line":792,"column":77},"end":{"line":804,"column":6}},"line":792},"64":{"name":"(anonymous_64)","decl":{"start":{"line":849,"column":28},"end":{"line":849,"column":29}},"loc":{"start":{"line":849,"column":50},"end":{"line":862,"column":5}},"line":849},"65":{"name":"(anonymous_65)","decl":{"start":{"line":865,"column":31},"end":{"line":865,"column":32}},"loc":{"start":{"line":865,"column":59},"end":{"line":890,"column":5}},"line":865},"66":{"name":"(anonymous_66)","decl":{"start":{"line":888,"column":25},"end":{"line":888,"column":26}},"loc":{"start":{"line":888,"column":37},"end":{"line":888,"column":66}},"line":888},"67":{"name":"(anonymous_67)","decl":{"start":{"line":892,"column":30},"end":{"line":892,"column":31}},"loc":{"start":{"line":892,"column":60},"end":{"line":896,"column":5}},"line":892},"68":{"name":"create","decl":{"start":{"line":910,"column":10},"end":{"line":910,"column":16}},"loc":{"start":{"line":910,"column":25},"end":{"line":913,"column":2}},"line":910},"69":{"name":"obj2attr","decl":{"start":{"line":921,"column":10},"end":{"line":921,"column":18}},"loc":{"start":{"line":921,"column":22},"end":{"line":925,"column":2}},"line":921},"70":{"name":"bind","decl":{"start":{"line":934,"column":10},"end":{"line":934,"column":14}},"loc":{"start":{"line":934,"column":23},"end":{"line":939,"column":2}},"line":934},"71":{"name":"(anonymous_71)","decl":{"start":{"line":935,"column":9},"end":{"line":935,"column":10}},"loc":{"start":{"line":935,"column":21},"end":{"line":938,"column":3}},"line":935},"72":{"name":"deg2rad","decl":{"start":{"line":941,"column":10},"end":{"line":941,"column":17}},"loc":{"start":{"line":941,"column":23},"end":{"line":943,"column":2}},"line":941},"73":{"name":"rad2deg","decl":{"start":{"line":945,"column":10},"end":{"line":945,"column":17}},"loc":{"start":{"line":945,"column":23},"end":{"line":947,"column":2}},"line":945},"74":{"name":"(anonymous_74)","decl":{"start":{"line":949,"column":12},"end":{"line":949,"column":13}},"loc":{"start":{"line":949,"column":24},"end":{"line":956,"column":2}},"line":949},"75":{"name":"(anonymous_75)","decl":{"start":{"line":952,"column":12},"end":{"line":952,"column":13}},"loc":{"start":{"line":952,"column":23},"end":{"line":955,"column":6}},"line":952},"76":{"name":"getDefs","decl":{"start":{"line":958,"column":10},"end":{"line":958,"column":17}},"loc":{"start":{"line":958,"column":28},"end":{"line":964,"column":2}},"line":958},"77":{"name":"polarToCartesian","decl":{"start":{"line":966,"column":10},"end":{"line":966,"column":26}},"loc":{"start":{"line":966,"column":43},"end":{"line":973,"column":2}},"line":966},"78":{"name":"describeArc","decl":{"start":{"line":975,"column":10},"end":{"line":975,"column":21}},"loc":{"start":{"line":975,"column":57},"end":{"line":985,"column":2}},"line":975},"79":{"name":"Element","decl":{"start":{"line":996,"column":10},"end":{"line":996,"column":17}},"loc":{"start":{"line":996,"column":27},"end":{"line":1006,"column":2}},"line":996},"80":{"name":"(anonymous_80)","decl":{"start":{"line":1030,"column":24},"end":{"line":1030,"column":25}},"loc":{"start":{"line":1030,"column":49},"end":{"line":1038,"column":2}},"line":1030},"81":{"name":"(anonymous_81)","decl":{"start":{"line":1047,"column":25},"end":{"line":1047,"column":26}},"loc":{"start":{"line":1047,"column":50},"end":{"line":1060,"column":2}},"line":1047},"82":{"name":"(anonymous_82)","decl":{"start":{"line":1051,"column":35},"end":{"line":1051,"column":36}},"loc":{"start":{"line":1051,"column":49},"end":{"line":1053,"column":5}},"line":1051},"83":{"name":"(anonymous_83)","decl":{"start":{"line":1081,"column":26},"end":{"line":1081,"column":27}},"loc":{"start":{"line":1081,"column":51},"end":{"line":1088,"column":2}},"line":1081},"84":{"name":"_","decl":{"start":{"line":1083,"column":30},"end":{"line":1083,"column":31}},"loc":{"start":{"line":1083,"column":34},"end":{"line":1086,"column":3}},"line":1083},"85":{"name":"(anonymous_85)","decl":{"start":{"line":1097,"column":27},"end":{"line":1097,"column":28}},"loc":{"start":{"line":1097,"column":39},"end":{"line":1117,"column":2}},"line":1097},"86":{"name":"(anonymous_86)","decl":{"start":{"line":1119,"column":25},"end":{"line":1119,"column":26}},"loc":{"start":{"line":1119,"column":37},"end":{"line":1127,"column":2}},"line":1119},"87":{"name":"trans","decl":{"start":{"line":1129,"column":10},"end":{"line":1129,"column":15}},"loc":{"start":{"line":1129,"column":26},"end":{"line":1132,"column":2}},"line":1129},"88":{"name":"(anonymous_88)","decl":{"start":{"line":1142,"column":28},"end":{"line":1142,"column":29}},"loc":{"start":{"line":1142,"column":49},"end":{"line":1147,"column":2}},"line":1142},"89":{"name":"(anonymous_89)","decl":{"start":{"line":1156,"column":27},"end":{"line":1156,"column":28}},"loc":{"start":{"line":1156,"column":45},"end":{"line":1161,"column":2}},"line":1156},"90":{"name":"(anonymous_90)","decl":{"start":{"line":1168,"column":29},"end":{"line":1168,"column":30}},"loc":{"start":{"line":1168,"column":41},"end":{"line":1171,"column":2}},"line":1168},"91":{"name":"(anonymous_91)","decl":{"start":{"line":1178,"column":29},"end":{"line":1178,"column":30}},"loc":{"start":{"line":1178,"column":41},"end":{"line":1181,"column":2}},"line":1178},"92":{"name":"(anonymous_92)","decl":{"start":{"line":1190,"column":26},"end":{"line":1190,"column":27}},"loc":{"start":{"line":1190,"column":44},"end":{"line":1195,"column":2}},"line":1190},"93":{"name":"(anonymous_93)","decl":{"start":{"line":1197,"column":28},"end":{"line":1197,"column":29}},"loc":{"start":{"line":1197,"column":40},"end":{"line":1199,"column":2}},"line":1197},"94":{"name":"(anonymous_94)","decl":{"start":{"line":1201,"column":32},"end":{"line":1201,"column":33}},"loc":{"start":{"line":1201,"column":43},"end":{"line":1203,"column":2}},"line":1201},"95":{"name":"(anonymous_95)","decl":{"start":{"line":1205,"column":35},"end":{"line":1205,"column":36}},"loc":{"start":{"line":1205,"column":46},"end":{"line":1207,"column":2}},"line":1205},"96":{"name":"(anonymous_96)","decl":{"start":{"line":1209,"column":29},"end":{"line":1209,"column":30}},"loc":{"start":{"line":1209,"column":47},"end":{"line":1213,"column":2}},"line":1209},"97":{"name":"(anonymous_97)","decl":{"start":{"line":1219,"column":29},"end":{"line":1219,"column":30}},"loc":{"start":{"line":1219,"column":45},"end":{"line":1247,"column":2}},"line":1219},"98":{"name":"(anonymous_98)","decl":{"start":{"line":1249,"column":32},"end":{"line":1249,"column":33}},"loc":{"start":{"line":1249,"column":43},"end":{"line":1253,"column":2}},"line":1249},"99":{"name":"(anonymous_99)","decl":{"start":{"line":1255,"column":27},"end":{"line":1255,"column":28}},"loc":{"start":{"line":1255,"column":39},"end":{"line":1257,"column":2}},"line":1255},"100":{"name":"(anonymous_100)","decl":{"start":{"line":1264,"column":29},"end":{"line":1264,"column":30}},"loc":{"start":{"line":1264,"column":59},"end":{"line":1266,"column":2}},"line":1264},"101":{"name":"(anonymous_101)","decl":{"start":{"line":1268,"column":29},"end":{"line":1268,"column":30}},"loc":{"start":{"line":1268,"column":41},"end":{"line":1270,"column":2}},"line":1268},"102":{"name":"(anonymous_102)","decl":{"start":{"line":1272,"column":11},"end":{"line":1272,"column":12}},"loc":{"start":{"line":1272,"column":34},"end":{"line":1278,"column":2}},"line":1272}},"branchMap":{"0":{"loc":{"start":{"line":38,"column":9},"end":{"line":38,"column":19}},"type":"binary-expr","locations":[{"start":{"line":38,"column":9},"end":{"line":38,"column":13}},{"start":{"line":38,"column":17},"end":{"line":38,"column":19}}],"line":38},"1":{"loc":{"start":{"line":50,"column":3},"end":{"line":52,"column":46}},"type":"binary-expr","locations":[{"start":{"line":50,"column":3},"end":{"line":50,"column":15}},{"start":{"line":51,"column":6},"end":{"line":51,"column":22}},{"start":{"line":52,"column":9},"end":{"line":52,"column":46}}],"line":50},"2":{"loc":{"start":{"line":54,"column":19},"end":{"line":54,"column":56}},"type":"cond-expr","locations":[{"start":{"line":54,"column":38},"end":{"line":54,"column":49}},{"start":{"line":54,"column":52},"end":{"line":54,"column":56}}],"line":54},"3":{"loc":{"start":{"line":57,"column":6},"end":{"line":58,"column":59}},"type":"binary-expr","locations":[{"start":{"line":57,"column":6},"end":{"line":57,"column":21}},{"start":{"line":58,"column":9},"end":{"line":58,"column":59}}],"line":57},"4":{"loc":{"start":{"line":60,"column":5},"end":{"line":65,"column":3}},"type":"if","locations":[{"start":{"line":60,"column":5},"end":{"line":65,"column":3}},{"start":{},"end":{}}],"line":60},"5":{"loc":{"start":{"line":61,"column":6},"end":{"line":62,"column":41}},"type":"if","locations":[{"start":{"line":61,"column":6},"end":{"line":62,"column":41}},{"start":{},"end":{}}],"line":61},"6":{"loc":{"start":{"line":79,"column":2},"end":{"line":79,"column":68}},"type":"if","locations":[{"start":{"line":79,"column":2},"end":{"line":79,"column":68}},{"start":{},"end":{}}],"line":79},"7":{"loc":{"start":{"line":105,"column":3},"end":{"line":113,"column":4}},"type":"if","locations":[{"start":{"line":105,"column":3},"end":{"line":113,"column":4}},{"start":{"line":110,"column":10},"end":{"line":113,"column":4}}],"line":105},"8":{"loc":{"start":{"line":125,"column":15},"end":{"line":125,"column":59}},"type":"cond-expr","locations":[{"start":{"line":125,"column":37},"end":{"line":125,"column":45}},{"start":{"line":125,"column":48},"end":{"line":125,"column":59}}],"line":125},"9":{"loc":{"start":{"line":125,"column":15},"end":{"line":125,"column":33}},"type":"binary-expr","locations":[{"start":{"line":125,"column":15},"end":{"line":125,"column":16}},{"start":{"line":125,"column":20},"end":{"line":125,"column":33}}],"line":125},"10":{"loc":{"start":{"line":126,"column":5},"end":{"line":126,"column":37}},"type":"if","locations":[{"start":{"line":126,"column":5},"end":{"line":126,"column":37}},{"start":{},"end":{}}],"line":126},"11":{"loc":{"start":{"line":128,"column":5},"end":{"line":130,"column":6}},"type":"if","locations":[{"start":{"line":128,"column":5},"end":{"line":130,"column":6}},{"start":{},"end":{}}],"line":128},"12":{"loc":{"start":{"line":128,"column":9},"end":{"line":128,"column":20}},"type":"binary-expr","locations":[{"start":{"line":128,"column":9},"end":{"line":128,"column":10}},{"start":{"line":128,"column":14},"end":{"line":128,"column":20}}],"line":128},"13":{"loc":{"start":{"line":132,"column":5},"end":{"line":135,"column":6}},"type":"if","locations":[{"start":{"line":132,"column":5},"end":{"line":135,"column":6}},{"start":{},"end":{}}],"line":132},"14":{"loc":{"start":{"line":133,"column":6},"end":{"line":133,"column":29}},"type":"binary-expr","locations":[{"start":{"line":133,"column":6},"end":{"line":133,"column":10}},{"start":{"line":133,"column":14},"end":{"line":133,"column":29}}],"line":133},"15":{"loc":{"start":{"line":134,"column":9},"end":{"line":134,"column":52}},"type":"binary-expr","locations":[{"start":{"line":134,"column":9},"end":{"line":134,"column":15}},{"start":{"line":134,"column":19},"end":{"line":134,"column":52}}],"line":134},"16":{"loc":{"start":{"line":149,"column":2},"end":{"line":151,"column":3}},"type":"if","locations":[{"start":{"line":149,"column":2},"end":{"line":151,"column":3}},{"start":{},"end":{}}],"line":149},"17":{"loc":{"start":{"line":166,"column":15},"end":{"line":166,"column":63}},"type":"cond-expr","locations":[{"start":{"line":166,"column":31},"end":{"line":166,"column":56}},{"start":{"line":166,"column":59},"end":{"line":166,"column":63}}],"line":166},"18":{"loc":{"start":{"line":194,"column":14},"end":{"line":194,"column":29}},"type":"binary-expr","locations":[{"start":{"line":194,"column":14},"end":{"line":194,"column":20}},{"start":{"line":194,"column":25},"end":{"line":194,"column":29}}],"line":194},"19":{"loc":{"start":{"line":197,"column":17},"end":{"line":197,"column":29}},"type":"binary-expr","locations":[{"start":{"line":197,"column":17},"end":{"line":197,"column":22}},{"start":{"line":197,"column":26},"end":{"line":197,"column":29}}],"line":197},"20":{"loc":{"start":{"line":200,"column":9},"end":{"line":205,"column":10}},"type":"if","locations":[{"start":{"line":200,"column":9},"end":{"line":205,"column":10}},{"start":{"line":202,"column":16},"end":{"line":205,"column":10}}],"line":200},"21":{"loc":{"start":{"line":219,"column":14},"end":{"line":219,"column":29}},"type":"binary-expr","locations":[{"start":{"line":219,"column":14},"end":{"line":219,"column":20}},{"start":{"line":219,"column":25},"end":{"line":219,"column":29}}],"line":219},"22":{"loc":{"start":{"line":222,"column":17},"end":{"line":222,"column":29}},"type":"binary-expr","locations":[{"start":{"line":222,"column":17},"end":{"line":222,"column":22}},{"start":{"line":222,"column":26},"end":{"line":222,"column":29}}],"line":222},"23":{"loc":{"start":{"line":226,"column":9},"end":{"line":231,"column":10}},"type":"if","locations":[{"start":{"line":226,"column":9},"end":{"line":231,"column":10}},{"start":{"line":228,"column":16},"end":{"line":231,"column":10}}],"line":226},"24":{"loc":{"start":{"line":245,"column":11},"end":{"line":245,"column":28}},"type":"binary-expr","locations":[{"start":{"line":245,"column":11},"end":{"line":245,"column":14}},{"start":{"line":245,"column":18},"end":{"line":245,"column":28}}],"line":245},"25":{"loc":{"start":{"line":246,"column":12},"end":{"line":246,"column":30}},"type":"binary-expr","locations":[{"start":{"line":246,"column":12},"end":{"line":246,"column":16}},{"start":{"line":246,"column":20},"end":{"line":246,"column":30}}],"line":246},"26":{"loc":{"start":{"line":271,"column":54},"end":{"line":271,"column":63}},"type":"binary-expr","locations":[{"start":{"line":271,"column":54},"end":{"line":271,"column":58}},{"start":{"line":271,"column":62},"end":{"line":271,"column":63}}],"line":271},"27":{"loc":{"start":{"line":341,"column":2},"end":{"line":343,"column":3}},"type":"if","locations":[{"start":{"line":341,"column":2},"end":{"line":343,"column":3}},{"start":{},"end":{}}],"line":341},"28":{"loc":{"start":{"line":344,"column":2},"end":{"line":346,"column":3}},"type":"if","locations":[{"start":{"line":344,"column":2},"end":{"line":346,"column":3}},{"start":{},"end":{}}],"line":344},"29":{"loc":{"start":{"line":449,"column":13},"end":{"line":449,"column":24}},"type":"binary-expr","locations":[{"start":{"line":449,"column":13},"end":{"line":449,"column":18}},{"start":{"line":449,"column":22},"end":{"line":449,"column":24}}],"line":449},"30":{"loc":{"start":{"line":499,"column":6},"end":{"line":499,"column":12}},"type":"binary-expr","locations":[{"start":{"line":499,"column":6},"end":{"line":499,"column":7}},{"start":{"line":499,"column":11},"end":{"line":499,"column":12}}],"line":499},"31":{"loc":{"start":{"line":541,"column":2},"end":{"line":543,"column":3}},"type":"if","locations":[{"start":{"line":541,"column":2},"end":{"line":543,"column":3}},{"start":{},"end":{}}],"line":541},"32":{"loc":{"start":{"line":581,"column":11},"end":{"line":581,"column":50}},"type":"cond-expr","locations":[{"start":{"line":581,"column":38},"end":{"line":581,"column":41}},{"start":{"line":581,"column":44},"end":{"line":581,"column":50}}],"line":581},"33":{"loc":{"start":{"line":633,"column":2},"end":{"line":637,"column":3}},"type":"if","locations":[{"start":{"line":633,"column":2},"end":{"line":637,"column":3}},{"start":{},"end":{}}],"line":633},"34":{"loc":{"start":{"line":641,"column":13},"end":{"line":641,"column":49}},"type":"cond-expr","locations":[{"start":{"line":641,"column":44},"end":{"line":641,"column":45}},{"start":{"line":641,"column":48},"end":{"line":641,"column":49}}],"line":641},"35":{"loc":{"start":{"line":674,"column":17},"end":{"line":674,"column":25}},"type":"binary-expr","locations":[{"start":{"line":674,"column":17},"end":{"line":674,"column":19}},{"start":{"line":674,"column":21},"end":{"line":674,"column":25}}],"line":674},"36":{"loc":{"start":{"line":675,"column":17},"end":{"line":675,"column":25}},"type":"binary-expr","locations":[{"start":{"line":675,"column":17},"end":{"line":675,"column":19}},{"start":{"line":675,"column":21},"end":{"line":675,"column":25}}],"line":675},"37":{"loc":{"start":{"line":676,"column":17},"end":{"line":676,"column":27}},"type":"binary-expr","locations":[{"start":{"line":676,"column":17},"end":{"line":676,"column":19}},{"start":{"line":676,"column":21},"end":{"line":676,"column":27}}],"line":676},"38":{"loc":{"start":{"line":677,"column":17},"end":{"line":677,"column":25}},"type":"binary-expr","locations":[{"start":{"line":677,"column":17},"end":{"line":677,"column":19}},{"start":{"line":677,"column":21},"end":{"line":677,"column":25}}],"line":677},"39":{"loc":{"start":{"line":691,"column":9},"end":{"line":691,"column":53}},"type":"if","locations":[{"start":{"line":691,"column":9},"end":{"line":691,"column":53}},{"start":{},"end":{}}],"line":691},"40":{"loc":{"start":{"line":713,"column":9},"end":{"line":713,"column":55}},"type":"if","locations":[{"start":{"line":713,"column":9},"end":{"line":713,"column":55}},{"start":{},"end":{}}],"line":713},"41":{"loc":{"start":{"line":737,"column":9},"end":{"line":740,"column":10}},"type":"if","locations":[{"start":{"line":737,"column":9},"end":{"line":740,"column":10}},{"start":{},"end":{}}],"line":737},"42":{"loc":{"start":{"line":746,"column":12},"end":{"line":746,"column":52}},"type":"cond-expr","locations":[{"start":{"line":746,"column":29},"end":{"line":746,"column":47}},{"start":{"line":746,"column":50},"end":{"line":746,"column":52}}],"line":746},"43":{"loc":{"start":{"line":759,"column":23},"end":{"line":759,"column":37}},"type":"binary-expr","locations":[{"start":{"line":759,"column":23},"end":{"line":759,"column":31}},{"start":{"line":759,"column":35},"end":{"line":759,"column":37}}],"line":759},"44":{"loc":{"start":{"line":774,"column":23},"end":{"line":774,"column":37}},"type":"binary-expr","locations":[{"start":{"line":774,"column":23},"end":{"line":774,"column":31}},{"start":{"line":774,"column":35},"end":{"line":774,"column":37}}],"line":774},"45":{"loc":{"start":{"line":800,"column":23},"end":{"line":800,"column":43}},"type":"binary-expr","locations":[{"start":{"line":800,"column":23},"end":{"line":800,"column":35}},{"start":{"line":800,"column":39},"end":{"line":800,"column":43}}],"line":800},"46":{"loc":{"start":{"line":878,"column":16},"end":{"line":878,"column":27}},"type":"binary-expr","locations":[{"start":{"line":878,"column":16},"end":{"line":878,"column":21}},{"start":{"line":878,"column":25},"end":{"line":878,"column":27}}],"line":878},"47":{"loc":{"start":{"line":911,"column":7},"end":{"line":911,"column":27}},"type":"binary-expr","locations":[{"start":{"line":911,"column":7},"end":{"line":911,"column":9}},{"start":{"line":911,"column":13},"end":{"line":911,"column":27}}],"line":911},"48":{"loc":{"start":{"line":959,"column":5},"end":{"line":962,"column":6}},"type":"if","locations":[{"start":{"line":959,"column":5},"end":{"line":962,"column":6}},{"start":{},"end":{}}],"line":959},"49":{"loc":{"start":{"line":978,"column":24},"end":{"line":978,"column":64}},"type":"cond-expr","locations":[{"start":{"line":978,"column":55},"end":{"line":978,"column":58}},{"start":{"line":978,"column":61},"end":{"line":978,"column":64}}],"line":978},"50":{"loc":{"start":{"line":1031,"column":2},"end":{"line":1035,"column":3}},"type":"if","locations":[{"start":{"line":1031,"column":2},"end":{"line":1035,"column":3}},{"start":{"line":1033,"column":9},"end":{"line":1035,"column":3}}],"line":1031},"51":{"loc":{"start":{"line":1049,"column":2},"end":{"line":1058,"column":3}},"type":"if","locations":[{"start":{"line":1049,"column":2},"end":{"line":1058,"column":3}},{"start":{},"end":{}}],"line":1049},"52":{"loc":{"start":{"line":1050,"column":3},"end":{"line":1057,"column":4}},"type":"if","locations":[{"start":{"line":1050,"column":3},"end":{"line":1057,"column":4}},{"start":{"line":1055,"column":10},"end":{"line":1057,"column":4}}],"line":1050},"53":{"loc":{"start":{"line":1113,"column":5},"end":{"line":1115,"column":6}},"type":"if","locations":[{"start":{"line":1113,"column":5},"end":{"line":1115,"column":6}},{"start":{},"end":{}}],"line":1113},"54":{"loc":{"start":{"line":1122,"column":5},"end":{"line":1124,"column":6}},"type":"if","locations":[{"start":{"line":1122,"column":5},"end":{"line":1124,"column":6}},{"start":{},"end":{}}],"line":1122},"55":{"loc":{"start":{"line":1143,"column":7},"end":{"line":1143,"column":14}},"type":"binary-expr","locations":[{"start":{"line":1143,"column":7},"end":{"line":1143,"column":9}},{"start":{"line":1143,"column":13},"end":{"line":1143,"column":14}}],"line":1143},"56":{"loc":{"start":{"line":1144,"column":7},"end":{"line":1144,"column":14}},"type":"binary-expr","locations":[{"start":{"line":1144,"column":7},"end":{"line":1144,"column":9}},{"start":{"line":1144,"column":13},"end":{"line":1144,"column":14}}],"line":1144},"57":{"loc":{"start":{"line":1157,"column":7},"end":{"line":1157,"column":14}},"type":"binary-expr","locations":[{"start":{"line":1157,"column":7},"end":{"line":1157,"column":9}},{"start":{"line":1157,"column":13},"end":{"line":1157,"column":14}}],"line":1157},"58":{"loc":{"start":{"line":1158,"column":7},"end":{"line":1158,"column":20}},"type":"binary-expr","locations":[{"start":{"line":1158,"column":7},"end":{"line":1158,"column":9}},{"start":{"line":1158,"column":13},"end":{"line":1158,"column":15}},{"start":{"line":1158,"column":19},"end":{"line":1158,"column":20}}],"line":1158},"59":{"loc":{"start":{"line":1191,"column":7},"end":{"line":1191,"column":14}},"type":"binary-expr","locations":[{"start":{"line":1191,"column":7},"end":{"line":1191,"column":9}},{"start":{"line":1191,"column":13},"end":{"line":1191,"column":14}}],"line":1191},"60":{"loc":{"start":{"line":1192,"column":7},"end":{"line":1192,"column":14}},"type":"binary-expr","locations":[{"start":{"line":1192,"column":7},"end":{"line":1192,"column":9}},{"start":{"line":1192,"column":13},"end":{"line":1192,"column":14}}],"line":1192},"61":{"loc":{"start":{"line":1221,"column":5},"end":{"line":1246,"column":6}},"type":"switch","locations":[{"start":{"line":1222,"column":9},"end":{"line":1225,"column":19}},{"start":{"line":1226,"column":9},"end":{"line":1229,"column":19}},{"start":{"line":1230,"column":9},"end":{"line":1245,"column":19}}],"line":1221},"62":{"loc":{"start":{"line":1232,"column":13},"end":{"line":1244,"column":14}},"type":"if","locations":[{"start":{"line":1232,"column":13},"end":{"line":1244,"column":14}},{"start":{"line":1238,"column":20},"end":{"line":1244,"column":14}}],"line":1232},"63":{"loc":{"start":{"line":1233,"column":24},"end":{"line":1233,"column":52}},"type":"binary-expr","locations":[{"start":{"line":1233,"column":24},"end":{"line":1233,"column":35}},{"start":{"line":1233,"column":39},"end":{"line":1233,"column":52}}],"line":1233},"64":{"loc":{"start":{"line":1238,"column":20},"end":{"line":1244,"column":14}},"type":"if","locations":[{"start":{"line":1238,"column":20},"end":{"line":1244,"column":14}},{"start":{},"end":{}}],"line":1238},"65":{"loc":{"start":{"line":1239,"column":24},"end":{"line":1239,"column":56}},"type":"binary-expr","locations":[{"start":{"line":1239,"column":24},"end":{"line":1239,"column":35}},{"start":{"line":1239,"column":39},"end":{"line":1239,"column":56}}],"line":1239},"66":{"loc":{"start":{"line":1273,"column":2},"end":{"line":1276,"column":5}},"type":"if","locations":[{"start":{"line":1273,"column":2},"end":{"line":1276,"column":5}},{"start":{},"end":{}}],"line":1273},"67":{"loc":{"start":{"line":1273,"column":6},"end":{"line":1273,"column":14}},"type":"binary-expr","locations":[{"start":{"line":1273,"column":6},"end":{"line":1273,"column":8}},{"start":{"line":1273,"column":12},"end":{"line":1273,"column":14}}],"line":1273},"68":{"loc":{"start":{"line":1283,"column":0},"end":{"line":1283,"column":60}},"type":"binary-expr","locations":[{"start":{"line":1283,"column":1},"end":{"line":1283,"column":28}},{"start":{"line":1283,"column":34},"end":{"line":1283,"column":59}}],"line":1283}},"s":{"0":1,"1":1,"2":1,"3":1,"4":1,"5":1,"6":1,"7":1,"8":1,"9":1,"10":1,"11":1,"12":1,"13":1,"14":2,"15":1,"16":6,"17":1,"18":1,"19":1,"20":1,"21":6,"22":1,"23":0,"24":0,"25":0,"26":0,"27":0,"28":1,"29":0,"30":0,"31":0,"32":1,"33":0,"34":0,"35":0,"36":0,"37":0,"38":0,"39":0,"40":0,"41":0,"42":0,"43":1,"44":1,"45":1,"46":0,"47":1,"48":1,"49":0,"50":1,"51":1,"52":0,"53":0,"54":1,"55":1,"56":0,"57":0,"58":0,"59":0,"60":0,"61":1,"62":0,"63":0,"64":0,"65":0,"66":0,"67":0,"68":0,"69":1,"70":0,"71":0,"72":0,"73":1,"74":0,"75":0,"76":1,"77":0,"78":0,"79":0,"80":0,"81":0,"82":0,"83":0,"84":0,"85":0,"86":0,"87":0,"88":0,"89":1,"90":0,"91":0,"92":0,"93":0,"94":0,"95":0,"96":0,"97":0,"98":0,"99":0,"100":0,"101":0,"102":1,"103":0,"104":0,"105":0,"106":0,"107":0,"108":0,"109":0,"110":1,"111":0,"112":0,"113":0,"114":0,"115":0,"116":0,"117":0,"118":0,"119":0,"120":0,"121":0,"122":0,"123":0,"124":0,"125":0,"126":0,"127":0,"128":0,"129":0,"130":0,"131":0,"132":0,"133":0,"134":0,"135":0,"136":0,"137":0,"138":0,"139":0,"140":0,"141":0,"142":0,"143":0,"144":0,"145":0,"146":0,"147":0,"148":0,"149":0,"150":0,"151":0,"152":0,"153":0,"154":0,"155":0,"156":0,"157":0,"158":0,"159":0,"160":0,"161":0,"162":0,"163":0,"164":0,"165":0,"166":0,"167":0,"168":0,"169":0,"170":0,"171":1,"172":0,"173":0,"174":0,"175":0,"176":0,"177":0,"178":0,"179":1,"180":0,"181":0,"182":0,"183":1,"184":0,"185":0,"186":0,"187":1,"188":0,"189":0,"190":0,"191":1,"192":0,"193":1,"194":0,"195":0,"196":0,"197":0,"198":1,"199":0,"200":0,"201":0,"202":1,"203":0,"204":0,"205":0,"206":0,"207":0,"208":1,"209":0,"210":0,"211":0,"212":0,"213":0,"214":0,"215":0,"216":0,"217":0,"218":1,"219":0,"220":0,"221":0,"222":0,"223":0,"224":0,"225":0,"226":0,"227":0,"228":1,"229":0,"230":0,"231":0,"232":0,"233":1,"234":0,"235":0,"236":0,"237":0,"238":1,"239":0,"240":0,"241":0,"242":1,"243":0,"244":0,"245":0,"246":0,"247":0,"248":1,"249":0,"250":1,"251":1,"252":20,"253":0,"254":0,"255":0,"256":0,"257":1,"258":1,"259":1,"260":1,"261":1,"262":1,"263":1,"264":1,"265":1,"266":1,"267":1,"268":1,"269":1,"270":1,"271":1,"272":1,"273":1,"274":1,"275":1,"276":1,"277":1,"278":1,"279":1,"280":0,"281":0,"282":0,"283":1,"284":1,"285":0,"286":0,"287":0,"288":1,"289":0,"290":0,"291":0,"292":0,"293":0,"294":0,"295":0,"296":0,"297":0,"298":1,"299":0,"300":0,"301":0,"302":0,"303":0,"304":0,"305":0,"306":0,"307":0,"308":0,"309":0,"310":0,"311":0,"312":0,"313":1,"314":0,"315":0,"316":0,"317":0,"318":0,"319":0,"320":0,"321":0,"322":0,"323":0,"324":0,"325":0,"326":0,"327":1,"328":0,"329":0,"330":0,"331":0,"332":0,"333":0,"334":0,"335":0,"336":0,"337":0,"338":0,"339":0,"340":0,"341":0,"342":0,"343":0,"344":1,"345":0,"346":0,"347":0,"348":0,"349":0,"350":0,"351":0,"352":0,"353":0,"354":0,"355":0,"356":0,"357":0,"358":0,"359":0,"360":0,"361":0,"362":0,"363":0,"364":0,"365":0,"366":0,"367":0,"368":0,"369":0,"370":1,"371":1,"372":0,"373":0,"374":0,"375":0,"376":0,"377":0,"378":0,"379":0,"380":0,"381":0,"382":0,"383":0,"384":1,"385":0,"386":0,"387":0,"388":0,"389":0,"390":0,"391":0,"392":0,"393":0,"394":0,"395":0,"396":0,"397":0,"398":0,"399":0,"400":0,"401":0,"402":0,"403":1,"404":0,"405":0,"406":0,"407":1,"408":1,"409":0,"410":0,"411":0,"412":0,"413":0,"414":0,"415":0,"416":0,"417":0,"418":1,"419":1,"420":1,"421":0,"422":0,"423":0,"424":0,"425":0,"426":0,"427":0,"428":0,"429":0,"430":0,"431":0,"432":0,"433":0,"434":0,"435":0,"436":0,"437":0,"438":1,"439":1,"440":1,"441":1,"442":0,"443":0,"444":0,"445":0,"446":0,"447":1,"448":0,"449":0,"450":0,"451":0,"452":0,"453":0,"454":0,"455":0,"456":1,"457":0,"458":0,"459":0,"460":0,"461":0,"462":1,"463":0,"464":0,"465":0,"466":0,"467":0,"468":0,"469":0,"470":0,"471":0,"472":0,"473":0,"474":0,"475":0,"476":1,"477":0,"478":0,"479":0,"480":0,"481":0,"482":0,"483":0,"484":0,"485":1,"486":0,"487":0,"488":0,"489":0,"490":1,"491":0,"492":0,"493":0,"494":0,"495":1,"496":0,"497":0,"498":1,"499":0,"500":0,"501":1,"502":0,"503":0,"504":0,"505":0,"506":1,"507":0,"508":1,"509":0,"510":1,"511":0,"512":1,"513":0,"514":0,"515":0,"516":1,"517":0,"518":0,"519":0,"520":0,"521":0,"522":0,"523":0,"524":0,"525":0,"526":0,"527":0,"528":0,"529":0,"530":0,"531":0,"532":0,"533":0,"534":0,"535":0,"536":0,"537":1,"538":0,"539":0,"540":0,"541":1,"542":0,"543":1,"544":0,"545":1,"546":0,"547":1,"548":1,"549":0,"550":1,"551":1,"552":1,"553":1,"554":1},"f":{"0":1,"1":1,"2":6,"3":0,"4":0,"5":0,"6":0,"7":0,"8":1,"9":0,"10":0,"11":0,"12":0,"13":0,"14":0,"15":0,"16":0,"17":0,"18":0,"19":0,"20":0,"21":0,"22":0,"23":0,"24":0,"25":0,"26":0,"27":0,"28":0,"29":0,"30":0,"31":0,"32":0,"33":0,"34":0,"35":0,"36":0,"37":0,"38":0,"39":0,"40":0,"41":0,"42":0,"43":0,"44":1,"45":20,"46":0,"47":1,"48":0,"49":0,"50":0,"51":0,"52":0,"53":0,"54":0,"55":0,"56":1,"57":0,"58":0,"59":0,"60":0,"61":0,"62":0,"63":0,"64":0,"65":0,"66":0,"67":0,"68":1,"69":0,"70":0,"71":0,"72":0,"73":0,"74":1,"75":0,"76":0,"77":0,"78":0,"79":0,"80":0,"81":0,"82":0,"83":0,"84":0,"85":0,"86":0,"87":0,"88":0,"89":0,"90":0,"91":0,"92":0,"93":0,"94":0,"95":0,"96":0,"97":0,"98":0,"99":0,"100":0,"101":0,"102":1},"b":{"0":[1,0],"1":[2,1,0],"2":[1,0],"3":[6,6],"4":[1,0],"5":[1,0],"6":[0,0],"7":[0,0],"8":[0,1],"9":[1,0],"10":[0,1],"11":[0,1],"12":[1,0],"13":[0,1],"14":[0,0],"15":[0,0],"16":[0,0],"17":[0,0],"18":[0,0],"19":[0,0],"20":[0,0],"21":[0,0],"22":[0,0],"23":[0,0],"24":[0,0],"25":[0,0],"26":[0,0],"27":[0,0],"28":[0,0],"29":[0,0],"30":[0,0],"31":[0,0],"32":[0,0],"33":[0,0],"34":[0,0],"35":[0,0],"36":[0,0],"37":[0,0],"38":[0,0],"39":[0,0],"40":[0,0],"41":[0,0],"42":[0,0],"43":[0,0],"44":[0,0],"45":[0,0],"46":[0,0],"47":[1,1],"48":[0,0],"49":[0,0],"50":[0,0],"51":[0,0],"52":[0,0],"53":[0,0],"54":[0,0],"55":[0,0],"56":[0,0],"57":[0,0],"58":[0,0,0],"59":[0,0],"60":[0,0],"61":[0,0,0],"62":[0,0],"63":[0,0],"64":[0,0],"65":[0,0],"66":[0,1],"67":[1,1],"68":[1,1]},"_coverageSchema":"1a1c01bbd47fc00a2c39e90264f33305004495a9","hash":"3fa77c53da956ba4629d5b638bebf8b677c61aef"}
}
