TN:
SF:dist/index.js
FN:12,(anonymous_0)
FN:34,L
FN:56,addNs
FN:77,(anonymous_3)
FN:90,(anonymous_4)
FN:101,(anonymous_5)
FN:104,(anonymous_6)
FN:106,(anonymous_7)
FN:124,(anonymous_8)
FN:147,(anonymous_9)
FN:160,(anonymous_10)
FN:174,(anonymous_11)
FN:183,(anonymous_12)
FN:190,(anonymous_13)
FN:196,fade
FN:215,(anonymous_15)
FN:221,fade
FN:242,(anonymous_17)
FN:261,(anonymous_18)
FN:271,(anonymous_19)
FN:280,(anonymous_20)
FN:283,(anonymous_21)
FN:284,(anonymous_22)
FN:299,(anonymous_23)
FN:308,(anonymous_24)
FN:312,(anonymous_25)
FN:319,(anonymous_26)
FN:323,(anonymous_27)
FN:327,(anonymous_28)
FN:337,(anonymous_29)
FN:364,(anonymous_30)
FN:378,(anonymous_31)
FN:393,(anonymous_32)
FN:404,(anonymous_33)
FN:418,(anonymous_34)
FN:434,(anonymous_35)
FN:447,(anonymous_36)
FN:460,(anonymous_37)
FN:477,(anonymous_38)
FN:498,(anonymous_39)
FN:513,(anonymous_40)
FN:527,(anonymous_41)
FN:538,(anonymous_42)
FN:552,(anonymous_43)
FN:574,Pathbuild
FN:579,createFun
FN:580,(anonymous_46)
FN:614,(anonymous_47)
FN:616,(anonymous_48)
FN:624,(anonymous_49)
FN:630,(anonymous_50)
FN:667,(anonymous_51)
FN:684,(anonymous_52)
FN:699,radial
FN:706,(anonymous_54)
FN:724,(anonymous_55)
FN:757,(anonymous_56)
FN:758,parametricCartesian
FN:763,(anonymous_58)
FN:769,(anonymous_59)
FN:773,parametricPolar
FN:778,(anonymous_61)
FN:787,(anonymous_62)
FN:792,attr
FN:849,(anonymous_64)
FN:865,(anonymous_65)
FN:888,(anonymous_66)
FN:892,(anonymous_67)
FN:910,create
FN:921,obj2attr
FN:934,bind
FN:935,(anonymous_71)
FN:941,deg2rad
FN:945,rad2deg
FN:949,(anonymous_74)
FN:952,(anonymous_75)
FN:958,getDefs
FN:966,polarToCartesian
FN:975,describeArc
FN:996,Element
FN:1030,(anonymous_80)
FN:1047,(anonymous_81)
FN:1051,(anonymous_82)
FN:1081,(anonymous_83)
FN:1083,_
FN:1097,(anonymous_85)
FN:1119,(anonymous_86)
FN:1129,trans
FN:1142,(anonymous_88)
FN:1156,(anonymous_89)
FN:1168,(anonymous_90)
FN:1178,(anonymous_91)
FN:1190,(anonymous_92)
FN:1197,(anonymous_93)
FN:1201,(anonymous_94)
FN:1205,(anonymous_95)
FN:1209,(anonymous_96)
FN:1219,(anonymous_97)
FN:1249,(anonymous_98)
FN:1255,(anonymous_99)
FN:1264,(anonymous_100)
FN:1268,(anonymous_101)
FN:1272,(anonymous_102)
FNF:103
FNH:11
FNDA:1,(anonymous_0)
FNDA:1,L
FNDA:6,addNs
FNDA:0,(anonymous_3)
FNDA:0,(anonymous_4)
FNDA:0,(anonymous_5)
FNDA:0,(anonymous_6)
FNDA:0,(anonymous_7)
FNDA:1,(anonymous_8)
FNDA:0,(anonymous_9)
FNDA:0,(anonymous_10)
FNDA:0,(anonymous_11)
FNDA:0,(anonymous_12)
FNDA:0,(anonymous_13)
FNDA:0,fade
FNDA:0,(anonymous_15)
FNDA:0,fade
FNDA:0,(anonymous_17)
FNDA:0,(anonymous_18)
FNDA:0,(anonymous_19)
FNDA:0,(anonymous_20)
FNDA:0,(anonymous_21)
FNDA:0,(anonymous_22)
FNDA:0,(anonymous_23)
FNDA:0,(anonymous_24)
FNDA:0,(anonymous_25)
FNDA:0,(anonymous_26)
FNDA:0,(anonymous_27)
FNDA:0,(anonymous_28)
FNDA:0,(anonymous_29)
FNDA:0,(anonymous_30)
FNDA:0,(anonymous_31)
FNDA:0,(anonymous_32)
FNDA:0,(anonymous_33)
FNDA:0,(anonymous_34)
FNDA:0,(anonymous_35)
FNDA:0,(anonymous_36)
FNDA:0,(anonymous_37)
FNDA:0,(anonymous_38)
FNDA:0,(anonymous_39)
FNDA:0,(anonymous_40)
FNDA:0,(anonymous_41)
FNDA:0,(anonymous_42)
FNDA:0,(anonymous_43)
FNDA:1,Pathbuild
FNDA:20,createFun
FNDA:0,(anonymous_46)
FNDA:1,(anonymous_47)
FNDA:0,(anonymous_48)
FNDA:0,(anonymous_49)
FNDA:0,(anonymous_50)
FNDA:0,(anonymous_51)
FNDA:0,(anonymous_52)
FNDA:0,radial
FNDA:0,(anonymous_54)
FNDA:0,(anonymous_55)
FNDA:1,(anonymous_56)
FNDA:0,parametricCartesian
FNDA:0,(anonymous_58)
FNDA:0,(anonymous_59)
FNDA:0,parametricPolar
FNDA:0,(anonymous_61)
FNDA:0,(anonymous_62)
FNDA:0,attr
FNDA:0,(anonymous_64)
FNDA:0,(anonymous_65)
FNDA:0,(anonymous_66)
FNDA:0,(anonymous_67)
FNDA:1,create
FNDA:0,obj2attr
FNDA:0,bind
FNDA:0,(anonymous_71)
FNDA:0,deg2rad
FNDA:0,rad2deg
FNDA:1,(anonymous_74)
FNDA:0,(anonymous_75)
FNDA:0,getDefs
FNDA:0,polarToCartesian
FNDA:0,describeArc
FNDA:0,Element
FNDA:0,(anonymous_80)
FNDA:0,(anonymous_81)
FNDA:0,(anonymous_82)
FNDA:0,(anonymous_83)
FNDA:0,_
FNDA:0,(anonymous_85)
FNDA:0,(anonymous_86)
FNDA:0,trans
FNDA:0,(anonymous_88)
FNDA:0,(anonymous_89)
FNDA:0,(anonymous_90)
FNDA:0,(anonymous_91)
FNDA:0,(anonymous_92)
FNDA:0,(anonymous_93)
FNDA:0,(anonymous_94)
FNDA:0,(anonymous_95)
FNDA:0,(anonymous_96)
FNDA:0,(anonymous_97)
FNDA:0,(anonymous_98)
FNDA:0,(anonymous_99)
FNDA:0,(anonymous_100)
FNDA:0,(anonymous_101)
FNDA:1,(anonymous_102)
DA:12,1
DA:17,1
DA:35,1
DA:36,1
DA:38,1
DA:39,1
DA:40,1
DA:42,1
DA:43,1
DA:44,1
DA:45,1
DA:46,1
DA:47,1
DA:49,1
DA:50,2
DA:54,1
DA:57,6
DA:60,1
DA:61,1
DA:62,1
DA:63,1
DA:64,6
DA:77,1
DA:79,0
DA:80,0
DA:81,0
DA:90,1
DA:92,0
DA:93,0
DA:101,1
DA:102,0
DA:103,0
DA:104,0
DA:105,0
DA:106,0
DA:107,0
DA:108,0
DA:111,0
DA:112,0
DA:115,0
DA:124,1
DA:125,1
DA:126,1
DA:127,1
DA:128,1
DA:129,0
DA:131,1
DA:132,1
DA:133,0
DA:134,0
DA:136,1
DA:147,1
DA:149,0
DA:150,0
DA:152,0
DA:153,0
DA:154,0
DA:160,1
DA:161,0
DA:162,0
DA:163,0
DA:164,0
DA:165,0
DA:166,0
DA:168,0
DA:174,1
DA:175,0
DA:176,0
DA:177,0
DA:183,1
DA:184,0
DA:185,0
DA:190,1
DA:191,0
DA:192,0
DA:194,0
DA:195,0
DA:197,0
DA:198,0
DA:199,0
DA:200,0
DA:201,0
DA:203,0
DA:204,0
DA:207,0
DA:215,1
DA:216,0
DA:217,0
DA:219,0
DA:220,0
DA:222,0
DA:224,0
DA:225,0
DA:226,0
DA:227,0
DA:229,0
DA:230,0
DA:233,0
DA:242,1
DA:243,0
DA:245,0
DA:246,0
DA:248,0
DA:249,0
DA:253,0
DA:254,0
DA:261,1
DA:262,0
DA:263,0
DA:264,0
DA:265,0
DA:266,0
DA:267,0
DA:268,0
DA:269,0
DA:270,0
DA:271,0
DA:273,0
DA:274,0
DA:276,0
DA:277,0
DA:278,0
DA:280,0
DA:281,0
DA:282,0
DA:283,0
DA:284,0
DA:285,0
DA:286,0
DA:288,0
DA:289,0
DA:290,0
DA:294,0
DA:297,0
DA:298,0
DA:299,0
DA:300,0
DA:301,0
DA:302,0
DA:303,0
DA:304,0
DA:305,0
DA:306,0
DA:307,0
DA:308,0
DA:309,0
DA:310,0
DA:312,0
DA:313,0
DA:314,0
DA:316,0
DA:318,0
DA:319,0
DA:320,0
DA:321,0
DA:323,0
DA:324,0
DA:325,0
DA:327,0
DA:328,0
DA:329,0
DA:331,0
DA:332,0
DA:334,0
DA:337,1
DA:338,0
DA:339,0
DA:341,0
DA:342,0
DA:344,0
DA:345,0
DA:347,0
DA:364,1
DA:365,0
DA:366,0
DA:367,0
DA:378,1
DA:379,0
DA:380,0
DA:381,0
DA:393,1
DA:394,0
DA:395,0
DA:396,0
DA:404,1
DA:405,0
DA:418,1
DA:419,0
DA:420,0
DA:421,0
DA:422,0
DA:434,1
DA:435,0
DA:436,0
DA:437,0
DA:447,1
DA:448,0
DA:449,0
DA:450,0
DA:451,0
DA:452,0
DA:460,1
DA:461,0
DA:462,0
DA:463,0
DA:464,0
DA:465,0
DA:466,0
DA:468,0
DA:469,0
DA:477,1
DA:478,0
DA:479,0
DA:480,0
DA:481,0
DA:482,0
DA:483,0
DA:485,0
DA:486,0
DA:498,1
DA:499,0
DA:500,0
DA:501,0
DA:502,0
DA:513,1
DA:514,0
DA:516,0
DA:517,0
DA:518,0
DA:527,1
DA:528,0
DA:529,0
DA:530,0
DA:538,1
DA:539,0
DA:540,0
DA:541,0
DA:542,0
DA:544,0
DA:552,1
DA:553,0
DA:575,1
DA:576,1
DA:580,20
DA:581,0
DA:582,0
DA:583,0
DA:584,0
DA:588,1
DA:589,1
DA:590,1
DA:591,1
DA:592,1
DA:593,1
DA:594,1
DA:595,1
DA:596,1
DA:597,1
DA:598,1
DA:599,1
DA:600,1
DA:601,1
DA:602,1
DA:603,1
DA:604,1
DA:605,1
DA:606,1
DA:607,1
DA:614,1
DA:615,1
DA:616,1
DA:617,0
DA:618,0
DA:619,0
DA:621,1
DA:624,1
DA:625,0
DA:626,0
DA:627,0
DA:630,1
DA:631,0
DA:633,0
DA:634,0
DA:635,0
DA:636,0
DA:641,0
DA:642,0
DA:643,0
DA:644,0
DA:667,1
DA:668,0
DA:669,0
DA:670,0
DA:672,0
DA:683,0
DA:684,0
DA:685,0
DA:686,0
DA:691,0
DA:692,0
DA:693,0
DA:695,0
DA:696,0
DA:699,1
DA:700,0
DA:701,0
DA:702,0
DA:704,0
DA:706,0
DA:707,0
DA:708,0
DA:713,0
DA:714,0
DA:715,0
DA:717,0
DA:718,0
DA:724,1
DA:725,0
DA:726,0
DA:727,0
DA:728,0
DA:729,0
DA:731,0
DA:732,0
DA:736,0
DA:737,0
DA:738,0
DA:739,0
DA:742,0
DA:745,0
DA:746,0
DA:757,1
DA:759,0
DA:760,0
DA:761,0
DA:762,0
DA:763,0
DA:764,0
DA:765,0
DA:766,0
DA:767,0
DA:769,0
DA:770,0
DA:774,0
DA:775,0
DA:776,0
DA:777,0
DA:778,0
DA:779,0
DA:780,0
DA:781,0
DA:782,0
DA:787,0
DA:788,0
DA:793,0
DA:794,0
DA:803,0
DA:806,1
DA:849,1
DA:850,0
DA:851,0
DA:852,0
DA:853,0
DA:854,0
DA:855,0
DA:856,0
DA:857,0
DA:858,0
DA:859,0
DA:860,0
DA:861,0
DA:865,1
DA:866,0
DA:867,0
DA:868,0
DA:869,0
DA:870,0
DA:871,0
DA:878,0
DA:879,0
DA:880,0
DA:881,0
DA:882,0
DA:884,0
DA:885,0
DA:886,0
DA:887,0
DA:888,0
DA:889,0
DA:892,1
DA:893,0
DA:894,0
DA:895,0
DA:911,1
DA:912,1
DA:922,0
DA:923,0
DA:924,0
DA:935,0
DA:936,0
DA:937,0
DA:942,0
DA:946,0
DA:949,1
DA:950,1
DA:952,1
DA:953,0
DA:954,0
DA:959,0
DA:960,0
DA:961,0
DA:963,0
DA:967,0
DA:969,0
DA:976,0
DA:977,0
DA:978,0
DA:979,0
DA:997,0
DA:998,0
DA:999,0
DA:1000,0
DA:1001,0
DA:1011,1
DA:1016,1
DA:1021,1
DA:1030,1
DA:1031,0
DA:1032,0
DA:1034,0
DA:1036,0
DA:1037,0
DA:1047,1
DA:1048,0
DA:1049,0
DA:1050,0
DA:1051,0
DA:1052,0
DA:1054,0
DA:1056,0
DA:1059,0
DA:1081,1
DA:1082,0
DA:1083,0
DA:1084,0
DA:1085,0
DA:1087,0
DA:1097,1
DA:1098,0
DA:1099,0
DA:1100,0
DA:1102,0
DA:1103,0
DA:1104,0
DA:1106,0
DA:1107,0
DA:1110,0
DA:1111,0
DA:1113,0
DA:1114,0
DA:1116,0
DA:1119,1
DA:1120,0
DA:1121,0
DA:1122,0
DA:1123,0
DA:1125,0
DA:1126,0
DA:1130,0
DA:1131,0
DA:1142,1
DA:1143,0
DA:1144,0
DA:1145,0
DA:1146,0
DA:1156,1
DA:1157,0
DA:1158,0
DA:1159,0
DA:1160,0
DA:1168,1
DA:1169,0
DA:1170,0
DA:1178,1
DA:1179,0
DA:1180,0
DA:1190,1
DA:1191,0
DA:1192,0
DA:1193,0
DA:1194,0
DA:1197,1
DA:1198,0
DA:1201,1
DA:1202,0
DA:1205,1
DA:1206,0
DA:1209,1
DA:1210,0
DA:1211,0
DA:1212,0
DA:1219,1
DA:1220,0
DA:1221,0
DA:1223,0
DA:1224,0
DA:1225,0
DA:1227,0
DA:1228,0
DA:1229,0
DA:1231,0
DA:1232,0
DA:1233,0
DA:1234,0
DA:1236,0
DA:1237,0
DA:1238,0
DA:1239,0
DA:1240,0
DA:1242,0
DA:1243,0
DA:1245,0
DA:1249,1
DA:1250,0
DA:1251,0
DA:1252,0
DA:1255,1
DA:1256,0
DA:1264,1
DA:1265,0
DA:1268,1
DA:1269,0
DA:1272,1
DA:1273,1
DA:1274,0
DA:1277,1
DA:1279,1
DA:1280,1
DA:1281,1
DA:1283,1
LF:540
LH:127
BRDA:38,0,0,1
BRDA:38,0,1,0
BRDA:50,1,0,2
BRDA:50,1,1,1
BRDA:50,1,2,0
BRDA:54,2,0,1
BRDA:54,2,1,0
BRDA:57,3,0,6
BRDA:57,3,1,6
BRDA:60,4,0,1
BRDA:60,4,1,0
BRDA:61,5,0,1
BRDA:61,5,1,0
BRDA:79,6,0,0
BRDA:79,6,1,0
BRDA:105,7,0,0
BRDA:105,7,1,0
BRDA:125,8,0,0
BRDA:125,8,1,1
BRDA:125,9,0,1
BRDA:125,9,1,0
BRDA:126,10,0,0
BRDA:126,10,1,1
BRDA:128,11,0,0
BRDA:128,11,1,1
BRDA:128,12,0,1
BRDA:128,12,1,0
BRDA:132,13,0,0
BRDA:132,13,1,1
BRDA:133,14,0,0
BRDA:133,14,1,0
BRDA:134,15,0,0
BRDA:134,15,1,0
BRDA:149,16,0,0
BRDA:149,16,1,0
BRDA:166,17,0,0
BRDA:166,17,1,0
BRDA:194,18,0,0
BRDA:194,18,1,0
BRDA:197,19,0,0
BRDA:197,19,1,0
BRDA:200,20,0,0
BRDA:200,20,1,0
BRDA:219,21,0,0
BRDA:219,21,1,0
BRDA:222,22,0,0
BRDA:222,22,1,0
BRDA:226,23,0,0
BRDA:226,23,1,0
BRDA:245,24,0,0
BRDA:245,24,1,0
BRDA:246,25,0,0
BRDA:246,25,1,0
BRDA:271,26,0,0
BRDA:271,26,1,0
BRDA:341,27,0,0
BRDA:341,27,1,0
BRDA:344,28,0,0
BRDA:344,28,1,0
BRDA:449,29,0,0
BRDA:449,29,1,0
BRDA:499,30,0,0
BRDA:499,30,1,0
BRDA:541,31,0,0
BRDA:541,31,1,0
BRDA:581,32,0,0
BRDA:581,32,1,0
BRDA:633,33,0,0
BRDA:633,33,1,0
BRDA:641,34,0,0
BRDA:641,34,1,0
BRDA:674,35,0,0
BRDA:674,35,1,0
BRDA:675,36,0,0
BRDA:675,36,1,0
BRDA:676,37,0,0
BRDA:676,37,1,0
BRDA:677,38,0,0
BRDA:677,38,1,0
BRDA:691,39,0,0
BRDA:691,39,1,0
BRDA:713,40,0,0
BRDA:713,40,1,0
BRDA:737,41,0,0
BRDA:737,41,1,0
BRDA:746,42,0,0
BRDA:746,42,1,0
BRDA:759,43,0,0
BRDA:759,43,1,0
BRDA:774,44,0,0
BRDA:774,44,1,0
BRDA:800,45,0,0
BRDA:800,45,1,0
BRDA:878,46,0,0
BRDA:878,46,1,0
BRDA:911,47,0,1
BRDA:911,47,1,1
BRDA:959,48,0,0
BRDA:959,48,1,0
BRDA:978,49,0,0
BRDA:978,49,1,0
BRDA:1031,50,0,0
BRDA:1031,50,1,0
BRDA:1049,51,0,0
BRDA:1049,51,1,0
BRDA:1050,52,0,0
BRDA:1050,52,1,0
BRDA:1113,53,0,0
BRDA:1113,53,1,0
BRDA:1122,54,0,0
BRDA:1122,54,1,0
BRDA:1143,55,0,0
BRDA:1143,55,1,0
BRDA:1144,56,0,0
BRDA:1144,56,1,0
BRDA:1157,57,0,0
BRDA:1157,57,1,0
BRDA:1158,58,0,0
BRDA:1158,58,1,0
BRDA:1158,58,2,0
BRDA:1191,59,0,0
BRDA:1191,59,1,0
BRDA:1192,60,0,0
BRDA:1192,60,1,0
BRDA:1221,61,0,0
BRDA:1221,61,1,0
BRDA:1221,61,2,0
BRDA:1232,62,0,0
BRDA:1232,62,1,0
BRDA:1233,63,0,0
BRDA:1233,63,1,0
BRDA:1238,64,0,0
BRDA:1238,64,1,0
BRDA:1239,65,0,0
BRDA:1239,65,1,0
BRDA:1273,66,0,0
BRDA:1273,66,1,1
BRDA:1273,67,0,1
BRDA:1273,67,1,1
BRDA:1283,68,0,1
BRDA:1283,68,1,1
BRF:141
BRH:21
end_of_record
