TN:
SF:dist/index.js
FN:12,(anonymous_0)
FN:12,e
FN:14,(anonymous_2)
FN:15,n
FN:15,r
FN:16,r
FN:16,o
FN:16,(anonymous_7)
FN:17,i
FN:17,s
FN:18,a
FN:18,p
FN:19,u
FN:19,l
FN:20,c
FN:22,(anonymous_15)
FN:23,(anonymous_16)
FN:23,(anonymous_17)
FN:23,(anonymous_18)
FN:24,(anonymous_19)
FN:24,(anonymous_20)
FN:26,(anonymous_21)
FN:26,(anonymous_22)
FN:27,(anonymous_23)
FN:28,(anonymous_24)
FN:28,(anonymous_25)
FN:28,(anonymous_26)
FN:29,(anonymous_27)
FN:30,(anonymous_28)
FN:31,(anonymous_29)
FN:33,(anonymous_30)
FN:33,(anonymous_31)
FN:34,(anonymous_32)
FN:35,(anonymous_33)
FN:36,(anonymous_34)
FN:36,(anonymous_35)
FN:37,(anonymous_36)
FN:37,(anonymous_37)
FN:38,(anonymous_38)
FN:42,(anonymous_39)
FN:42,(anonymous_40)
FN:43,(anonymous_41)
FN:43,(anonymous_42)
FN:43,(anonymous_43)
FN:44,(anonymous_44)
FN:45,(anonymous_45)
FN:45,(anonymous_46)
FN:46,(anonymous_47)
FN:47,(anonymous_48)
FN:48,(anonymous_49)
FN:49,(anonymous_50)
FN:49,(anonymous_51)
FN:50,(anonymous_52)
FN:52,(anonymous_53)
FN:53,(anonymous_54)
FN:53,(anonymous_55)
FN:54,(anonymous_56)
FN:55,(anonymous_57)
FN:56,(anonymous_58)
FN:57,(anonymous_59)
FN:58,(anonymous_60)
FN:59,(anonymous_61)
FN:62,(anonymous_62)
FN:62,t
FN:62,(anonymous_64)
FN:62,(anonymous_65)
FN:63,e
FN:63,(anonymous_67)
FN:63,(anonymous_68)
FN:64,n
FN:65,(anonymous_70)
FN:66,(anonymous_71)
FN:68,(anonymous_72)
FN:69,(anonymous_73)
FN:69,(anonymous_74)
FN:69,(anonymous_75)
FN:70,(anonymous_76)
FN:71,(anonymous_77)
FN:72,(anonymous_78)
FN:72,(anonymous_79)
FN:73,r
FN:73,(anonymous_81)
FN:75,(anonymous_82)
FN:76,(anonymous_83)
FN:77,(anonymous_84)
FN:78,(anonymous_85)
FN:78,(anonymous_86)
FN:79,(anonymous_87)
FN:79,(anonymous_88)
FN:80,(anonymous_89)
FN:80,(anonymous_90)
FN:80,(anonymous_91)
FN:81,(anonymous_92)
FN:83,(anonymous_93)
FN:84,(anonymous_94)
FN:84,(anonymous_95)
FN:84,(anonymous_96)
FN:85,(anonymous_97)
FNF:98
FNH:51
FNDA:8,(anonymous_0)
FNDA:40,e
FNDA:126,(anonymous_2)
FNDA:2,n
FNDA:4,r
FNDA:8,r
FNDA:160,o
FNDA:23,(anonymous_7)
FNDA:131,i
FNDA:2,s
FNDA:17,a
FNDA:0,p
FNDA:0,u
FNDA:91,l
FNDA:0,c
FNDA:85,(anonymous_15)
FNDA:0,(anonymous_16)
FNDA:90,(anonymous_17)
FNDA:90,(anonymous_18)
FNDA:0,(anonymous_19)
FNDA:4,(anonymous_20)
FNDA:3,(anonymous_21)
FNDA:1,(anonymous_22)
FNDA:1,(anonymous_23)
FNDA:4,(anonymous_24)
FNDA:1,(anonymous_25)
FNDA:1,(anonymous_26)
FNDA:1,(anonymous_27)
FNDA:0,(anonymous_28)
FNDA:0,(anonymous_29)
FNDA:0,(anonymous_30)
FNDA:0,(anonymous_31)
FNDA:0,(anonymous_32)
FNDA:0,(anonymous_33)
FNDA:0,(anonymous_34)
FNDA:0,(anonymous_35)
FNDA:0,(anonymous_36)
FNDA:0,(anonymous_37)
FNDA:2,(anonymous_38)
FNDA:1,(anonymous_39)
FNDA:21,(anonymous_40)
FNDA:1,(anonymous_41)
FNDA:1,(anonymous_42)
FNDA:1,(anonymous_43)
FNDA:1,(anonymous_44)
FNDA:2,(anonymous_45)
FNDA:1,(anonymous_46)
FNDA:1,(anonymous_47)
FNDA:1,(anonymous_48)
FNDA:1,(anonymous_49)
FNDA:1,(anonymous_50)
FNDA:1,(anonymous_51)
FNDA:1,(anonymous_52)
FNDA:8,(anonymous_53)
FNDA:1,(anonymous_54)
FNDA:1,(anonymous_55)
FNDA:1,(anonymous_56)
FNDA:1,(anonymous_57)
FNDA:2,(anonymous_58)
FNDA:1,(anonymous_59)
FNDA:5,(anonymous_60)
FNDA:15,(anonymous_61)
FNDA:8,(anonymous_62)
FNDA:0,t
FNDA:0,(anonymous_64)
FNDA:0,(anonymous_65)
FNDA:0,e
FNDA:0,(anonymous_67)
FNDA:0,(anonymous_68)
FNDA:0,n
FNDA:0,(anonymous_70)
FNDA:0,(anonymous_71)
FNDA:0,(anonymous_72)
FNDA:0,(anonymous_73)
FNDA:8,(anonymous_74)
FNDA:17,(anonymous_75)
FNDA:0,(anonymous_76)
FNDA:0,(anonymous_77)
FNDA:0,(anonymous_78)
FNDA:0,(anonymous_79)
FNDA:0,r
FNDA:0,(anonymous_81)
FNDA:0,(anonymous_82)
FNDA:0,(anonymous_83)
FNDA:0,(anonymous_84)
FNDA:0,(anonymous_85)
FNDA:0,(anonymous_86)
FNDA:0,(anonymous_87)
FNDA:0,(anonymous_88)
FNDA:0,(anonymous_89)
FNDA:0,(anonymous_90)
FNDA:0,(anonymous_91)
FNDA:0,(anonymous_92)
FNDA:0,(anonymous_93)
FNDA:0,(anonymous_94)
FNDA:0,(anonymous_95)
FNDA:0,(anonymous_96)
FNDA:40,(anonymous_97)
DA:12,40
DA:13,40
DA:14,126
DA:15,4
DA:16,160
DA:17,131
DA:18,17
DA:19,91
DA:20,8
DA:22,189
DA:23,90
DA:24,90
DA:25,4
DA:26,3
DA:27,2
DA:28,4
DA:29,1
DA:30,0
DA:31,0
DA:32,0
DA:33,0
DA:34,0
DA:35,0
DA:36,0
DA:37,0
DA:38,0
DA:39,2
DA:40,2
DA:42,21
DA:43,1
DA:44,1
DA:45,2
DA:46,6
DA:47,6
DA:48,1
DA:49,1
DA:50,1
DA:52,8
DA:53,8
DA:54,1
DA:56,2
DA:57,2
DA:58,5
DA:59,15
DA:60,15
DA:61,15
DA:62,0
DA:63,0
DA:64,8
DA:65,0
DA:67,0
DA:68,0
DA:69,17
DA:70,8
DA:71,0
DA:72,0
DA:73,0
DA:74,0
DA:75,0
DA:76,0
DA:77,0
DA:78,0
DA:79,0
DA:80,0
DA:81,0
DA:82,0
DA:83,0
DA:84,0
DA:85,40
DA:86,8
LF:70
LH:42
BRDA:12,0,0,40
BRDA:12,0,1,19
BRDA:13,1,0,25
BRDA:13,1,1,4
BRDA:13,1,2,0
BRDA:14,2,0,21
BRDA:14,2,1,19
BRDA:14,3,0,4
BRDA:14,3,1,36
BRDA:14,4,0,21
BRDA:14,4,1,21
BRDA:14,5,0,126
BRDA:14,5,1,126
BRDA:15,6,0,4
BRDA:15,6,1,2
BRDA:15,7,0,4
BRDA:15,7,1,2
BRDA:15,8,0,2
BRDA:15,8,1,2
BRDA:15,9,0,2
BRDA:15,9,1,2
BRDA:15,10,0,1
BRDA:15,10,1,1
BRDA:16,11,0,2
BRDA:16,11,1,0
BRDA:16,12,0,1
BRDA:16,12,1,1
BRDA:16,13,0,0
BRDA:16,13,1,23
BRDA:17,14,0,131
BRDA:17,14,1,131
BRDA:18,15,0,17
BRDA:18,15,1,17
BRDA:19,16,0,0
BRDA:19,16,1,0
BRDA:22,17,0,0
BRDA:22,17,1,85
BRDA:24,18,0,0
BRDA:24,18,1,90
BRDA:24,19,0,0
BRDA:24,19,1,4
BRDA:24,20,0,4
BRDA:24,20,1,4
BRDA:25,21,0,0
BRDA:25,21,1,4
BRDA:25,22,0,4
BRDA:25,22,1,4
BRDA:25,22,2,0
BRDA:25,23,0,4
BRDA:25,23,1,4
BRDA:25,24,0,4
BRDA:25,24,1,4
BRDA:25,25,0,4
BRDA:25,25,1,0
BRDA:26,26,0,3
BRDA:26,26,1,3
BRDA:27,27,0,2
BRDA:27,27,1,0
BRDA:29,28,0,1
BRDA:29,28,1,0
BRDA:29,29,0,1
BRDA:29,29,1,0
BRDA:30,30,0,0
BRDA:30,30,1,0
BRDA:32,31,0,0
BRDA:32,31,1,0
BRDA:40,32,0,2
BRDA:40,32,1,2
BRDA:41,33,0,2
BRDA:41,33,1,2
BRDA:45,34,0,2
BRDA:45,34,1,1
BRDA:48,35,0,1
BRDA:48,35,1,0
BRDA:50,36,0,1
BRDA:50,36,1,1
BRDA:54,37,0,0
BRDA:54,37,1,1
BRDA:54,38,0,1
BRDA:54,38,1,0
BRDA:56,39,0,1
BRDA:56,39,1,0
BRDA:56,40,0,1
BRDA:56,40,1,0
BRDA:56,41,0,1
BRDA:56,41,1,0
BRDA:56,42,0,1
BRDA:56,42,1,0
BRDA:57,43,0,2
BRDA:57,43,1,0
BRDA:58,44,0,5
BRDA:58,44,1,0
BRDA:61,45,0,15
BRDA:61,45,1,15
BRDA:62,46,0,15
BRDA:62,46,1,0
BRDA:62,47,0,0
BRDA:62,47,1,0
BRDA:63,48,0,0
BRDA:63,48,1,0
BRDA:64,49,0,0
BRDA:64,49,1,0
BRDA:67,50,0,0
BRDA:67,50,1,0
BRDA:71,51,0,0
BRDA:71,51,1,0
BRDA:72,52,0,0
BRDA:72,52,1,0
BRDA:72,53,0,0
BRDA:72,53,1,0
BRDA:75,54,0,0
BRDA:75,54,1,0
BRDA:76,55,0,0
BRDA:76,55,1,0
BRDA:76,56,0,0
BRDA:76,56,1,0
BRDA:76,57,0,0
BRDA:76,57,1,0
BRDA:77,58,0,0
BRDA:77,58,1,0
BRDA:77,59,0,0
BRDA:77,59,1,0
BRDA:77,59,2,0
BRDA:79,60,0,0
BRDA:79,60,1,0
BRDA:79,61,0,0
BRDA:79,61,1,0
BRDA:81,62,0,0
BRDA:81,62,1,0
BRDA:81,62,2,0
BRDA:82,63,0,0
BRDA:82,63,1,0
BRDA:82,64,0,0
BRDA:82,64,1,0
BRDA:82,65,0,0
BRDA:82,65,1,0
BRDA:83,66,0,0
BRDA:83,66,1,0
BRDA:85,67,0,37
BRDA:85,67,1,3
BRDA:85,68,0,40
BRDA:85,68,1,38
BRDA:86,69,0,8
BRDA:86,69,1,8
BRF:144
BRH:74
end_of_record
